{"log":
 [{"message": "Documentation indexing", "level": "info"},
  {"message":
   ".> /home/michail/HopfieldNet/.lake/packages/doc-gen4/.lake/build/bin/doc-gen4 index --build /home/michail/HopfieldNet/docbuild/.lake/build",
   "level": "trace"}],
 "inputs":
 [["/home/michail/HopfieldNet/.lake/packages/doc-gen4/.lake/build/bin/doc-gen4",
   "12913068545217439150"],
  ["<collection>", "15241332997907831624"],
  ["<collection>",
   [["/home/michail/HopfieldNet/docbuild/.lake/build/doc/HopfieldNet/HN/aux.html",
     "11742617274740131182"],
    ["/home/michail/HopfieldNet/docbuild/.lake/build/doc/HopfieldNet/NN.html",
     "3205892775201187468"],
    ["/home/michail/HopfieldNet/docbuild/.lake/build/doc/HopfieldNet/HN/Core.html",
     "10808877630865976605"],
    ["/home/michail/HopfieldNet/docbuild/.lake/build/doc/HopfieldNet/HN/Asym.html",
     "7321302904500426017"],
    ["/home/michail/HopfieldNet/docbuild/.lake/build/doc/HopfieldNet/HN/test.html",
     "8286975020311809679"],
    ["/home/michail/HopfieldNet/docbuild/.lake/build/doc/HopfieldNet/Stochastic.html",
     "15985100287434128694"],
    ["/home/michail/HopfieldNet/docbuild/.lake/build/doc/HopfieldNet/DetailedBalance.html",
     "15068158338144079911"],
    ["/home/michail/HopfieldNet/docbuild/.lake/build/doc/HopfieldNet/Papers/Hopfield82/PhaseSpaceFlow.html",
     "9236081219295122227"],
    ["/home/michail/HopfieldNet/docbuild/.lake/build/doc/HopfieldNet/Papers/Hopfield82/MemoryStorage.html",
     "12702536561964867163"],
    ["/home/michail/HopfieldNet/docbuild/.lake/build/doc/HopfieldNet/Papers/Hopfield82/MemoryConfusion.html",
     "13685067943369842861"],
    ["/home/michail/HopfieldNet/docbuild/.lake/build/doc/HopfieldNet/Papers/Hopfield82/EnergyConvergence.html",
     "14545622725304070566"],
    ["/home/michail/HopfieldNet/docbuild/.lake/build/doc/HopfieldNet/SpinState/Basic.html",
     "10671690959633628615"],
    ["/home/michail/HopfieldNet/docbuild/.lake/build/doc/HopfieldNet/SpinState/StochasticUpdate.html",
     "10837826447060279737"],
    ["/home/michail/HopfieldNet/docbuild/.lake/build/doc/HopfieldNet/BM/Core.html",
     "302707676569711082"],
    ["/home/michail/HopfieldNet/docbuild/.lake/build/doc/HopfieldNet/Markov.html",
     "12787275783644299626"],
    ["/home/michail/HopfieldNet/docbuild/.lake/build/doc/HopfieldNet/BM/Markov.html",
     "4273189719152216153"],
    ["/home/michail/HopfieldNet/docbuild/.lake/build/doc/HopfieldNet/Tools/ComputableReal/aux_lemmas.html",
     "2407812888464810117"],
    ["/home/michail/HopfieldNet/docbuild/.lake/build/doc/HopfieldNet/Tools/ComputableReal/ComputableRSeq.html",
     "6902830500629847978"],
    ["/home/michail/HopfieldNet/docbuild/.lake/build/doc/HopfieldNet/Tools/ComputableReal/ComputableReal.html",
     "2796862702300267981"],
    ["/home/michail/HopfieldNet/docbuild/.lake/build/doc/HopfieldNet/Tools/ComputableReal/examples.html",
     "4197111780107823014"],
    ["/home/michail/HopfieldNet/docbuild/.lake/build/doc/HopfieldNet/Tools/ComputableReal/IsComputable.html",
     "13729565122501424804"],
    ["/home/michail/HopfieldNet/docbuild/.lake/build/doc/HopfieldNet/Tools/ComputableReal/SpecialFunctions/Sqrt.html",
     "11505718891426584681"],
    ["/home/michail/HopfieldNet/docbuild/.lake/build/doc/HopfieldNet/Tools/ComputableReal/IsComputableC.html",
     "9321317676782766649"],
    ["/home/michail/HopfieldNet/docbuild/.lake/build/doc/HopfieldNet/Tools/ComputableReal/SpecialFunctions/Basic.html",
     "6817437312227538837"],
    ["/home/michail/HopfieldNet/docbuild/.lake/build/doc/HopfieldNet/Tools/ComputableReal/SpecialFunctions/Exp.html",
     "11109333577351261985"],
    ["/home/michail/HopfieldNet/docbuild/.lake/build/doc/HopfieldNet/Tools/ComputableReal/SpecialFunctions/Pi.html",
     "5914229187163255804"],
    ["/home/michail/HopfieldNet/docbuild/.lake/build/doc/HopfieldNet.html",
     "7741887146004176332"]]]],
 "depHash": "17610658707932330884"}