{"log":
 [{"message":
   ".> ELAN=elan ELAN_HOME=/home/michail/.elan ELAN_TOOLCHAIN=leanprover/lean4:v4.20.0-rc5 LAKE=/home/michail/.elan/toolchains/leanprover--lean4---v4.20.0-rc5/bin/lake LAKE_HOME=/home/michail/.elan/toolchains/leanprover--lean4---v4.20.0-rc5 LAKE_PKG_URL_MAP={} LEAN=/home/michail/.elan/toolchains/leanprover--lean4---v4.20.0-rc5/bin/lean LEAN_GITHASH=81b85203c90439fb7d7e0cec32130d62d8cb7a2e LEAN_SYSROOT=/home/michail/.elan/toolchains/leanprover--lean4---v4.20.0-rc5 LEAN_AR=/home/michail/.elan/toolchains/leanprover--lean4---v4.20.0-rc5/bin/llvm-ar LEAN_CC= LEAN_PATH=/home/michail/HopfieldNet/.lake/packages/batteries/.lake/build/lib/lean:/home/michail/HopfieldNet/.lake/packages/Qq/.lake/build/lib/lean:/home/michail/HopfieldNet/.lake/packages/aesop/.lake/build/lib/lean:/home/michail/HopfieldNet/.lake/packages/proofwidgets/.lake/build/lib/lean:/home/michail/HopfieldNet/.lake/packages/importGraph/.lake/build/lib/lean:/home/michail/HopfieldNet/.lake/packages/LeanSearchClient/.lake/build/lib/lean:/home/michail/HopfieldNet/.lake/packages/plausible/.lake/build/lib/lean:/home/michail/HopfieldNet/.lake/packages/mathlib/.lake/build/lib/lean:/home/michail/HopfieldNet/.lake/packages/checkdecls/.lake/build/lib/lean:/home/michail/HopfieldNet/.lake/packages/MD4Lean/.lake/build/lib/lean:/home/michail/HopfieldNet/.lake/packages/BibtexQuery/.lake/build/lib/lean:/home/michail/HopfieldNet/.lake/packages/UnicodeBasic/.lake/build/lib/lean:/home/michail/HopfieldNet/.lake/packages/Cli/.lake/build/lib/lean:/home/michail/HopfieldNet/.lake/build/lib/lean:/home/michail/HopfieldNet/.lake/packages/doc-gen4/.lake/build/lib/lean:/home/michail/HopfieldNet/docbuild/.lake/build/lib/lean:/home/michail/.elan/toolchains/leanprover--lean4---v4.20.0-rc5/lib/lean LEAN_SRC_PATH=/home/michail/HopfieldNet/.lake/packages/batteries:/home/michail/HopfieldNet/.lake/packages/batteries:/home/michail/HopfieldNet/.lake/packages/Qq:/home/michail/HopfieldNet/.lake/packages/aesop:/home/michail/HopfieldNet/.lake/packages/aesop:/home/michail/HopfieldNet/.lake/packages/proofwidgets:/home/michail/HopfieldNet/.lake/packages/proofwidgets:/home/michail/HopfieldNet/.lake/packages/importGraph:/home/michail/HopfieldNet/.lake/packages/importGraph:/home/michail/HopfieldNet/.lake/packages/LeanSearchClient:/home/michail/HopfieldNet/.lake/packages/LeanSearchClient:/home/michail/HopfieldNet/.lake/packages/plausible:/home/michail/HopfieldNet/.lake/packages/plausible:/home/michail/HopfieldNet/.lake/packages/mathlib:/home/michail/HopfieldNet/.lake/packages/mathlib:/home/michail/HopfieldNet/.lake/packages/mathlib:/home/michail/HopfieldNet/.lake/packages/mathlib:/home/michail/HopfieldNet/.lake/packages/mathlib:/home/michail/HopfieldNet/.lake/packages/mathlib:/home/michail/HopfieldNet/.lake/packages/mathlib:/home/michail/HopfieldNet/.lake/packages/MD4Lean:/home/michail/HopfieldNet/.lake/packages/MD4Lean:/home/michail/HopfieldNet/.lake/packages/BibtexQuery:/home/michail/HopfieldNet/.lake/packages/UnicodeBasic:/home/michail/HopfieldNet/.lake/packages/UnicodeBasic:/home/michail/HopfieldNet/.lake/packages/Cli:/home/michail/HopfieldNet:/home/michail/HopfieldNet/.lake/packages/doc-gen4:/home/michail/.elan/toolchains/leanprover--lean4---v4.20.0-rc5/src/lean/lake PATH LD_LIBRARY_PATH=/home/michail/.elan/toolchains/leanprover--lean4---v4.20.0-rc5/lib/lean:/home/michail/.elan/toolchains/leanprover--lean4---v4.20.0-rc5/lib:/home/michail/HopfieldNet/docbuild/.lake/build/lib:/home/michail/HopfieldNet/.lake/packages/doc-gen4/.lake/build/lib:/home/michail/HopfieldNet/.lake/build/lib:/home/michail/HopfieldNet/.lake/packages/Cli/.lake/build/lib:/home/michail/HopfieldNet/.lake/packages/UnicodeBasic/.lake/build/lib:/home/michail/HopfieldNet/.lake/packages/BibtexQuery/.lake/build/lib:/home/michail/HopfieldNet/.lake/packages/MD4Lean/.lake/build/lib:/home/michail/HopfieldNet/.lake/packages/checkdecls/.lake/build/lib:/home/michail/HopfieldNet/.lake/packages/mathlib/.lake/build/lib:/home/michail/HopfieldNet/.lake/packages/plausible/.lake/build/lib:/home/michail/HopfieldNet/.lake/packages/LeanSearchClient/.lake/build/lib:/home/michail/HopfieldNet/.lake/packages/importGraph/.lake/build/lib:/home/michail/HopfieldNet/.lake/packages/proofwidgets/.lake/build/lib:/home/michail/HopfieldNet/.lake/packages/aesop/.lake/build/lib:/home/michail/HopfieldNet/.lake/packages/Qq/.lake/build/lib:/home/michail/HopfieldNet/.lake/packages/batteries/.lake/build/lib /home/michail/HopfieldNet/.lake/packages/doc-gen4/.lake/build/bin/doc-gen4 single --build /home/michail/HopfieldNet/docbuild/.lake/build Mathlib.CategoryTheory.Adjunction.AdjointFunctorTheorems https://github.com/leanprover-community/mathlib4/blob/e9db98beeec1b415e419a3a8f0d96ed55b0f29ab/Mathlib/CategoryTheory/Adjunction/AdjointFunctorTheorems.lean",
   "level": "trace"}],
 "inputs":
 [["<collection>",
   [["/home/michail/HopfieldNet/docbuild/.lake/build/doc/Mathlib/CategoryTheory/Comma/StructuredArrow/Small.html",
     "11709361636318218422"],
    ["/home/michail/HopfieldNet/docbuild/.lake/build/doc/Mathlib/CategoryTheory/Generator/Basic.html",
     "1239570157447502201"],
    ["/home/michail/HopfieldNet/docbuild/.lake/build/doc/Mathlib/CategoryTheory/Limits/ConeCategory.html",
     "13505072654938797022"],
    ["/home/michail/HopfieldNet/docbuild/.lake/build/doc/Mathlib/CategoryTheory/Limits/Constructions/WeaklyInitial.html",
     "1268043330457079720"],
    ["/home/michail/HopfieldNet/docbuild/.lake/build/doc/Mathlib/CategoryTheory/Limits/FunctorCategory/Basic.html",
     "4294796449454472392"],
    ["/home/michail/HopfieldNet/docbuild/.lake/build/doc/Mathlib/CategoryTheory/Subobject/Comma.html",
     "11568903372634447605"]]],
  ["/home/michail/HopfieldNet/docbuild/.lake/build/doc-data/references.json",
   "9311986744312936243"],
  ["/home/michail/HopfieldNet/.lake/packages/doc-gen4/.lake/build/bin/doc-gen4",
   "12913068545217439150"],
  ["Mathlib.CategoryTheory.Adjunction.AdjointFunctorTheorems:leanArts",
   "8983947571849544448"]],
 "depHash": "18238731821552232348"}