{"log":
 [{"message":
   ".> ELAN=elan ELAN_HOME=/home/michail/.elan ELAN_TOOLCHAIN=leanprover/lean4:v4.20.0-rc5 LAKE=/home/michail/.elan/toolchains/leanprover--lean4---v4.20.0-rc5/bin/lake LAKE_HOME=/home/michail/.elan/toolchains/leanprover--lean4---v4.20.0-rc5 LAKE_PKG_URL_MAP={} LEAN=/home/michail/.elan/toolchains/leanprover--lean4---v4.20.0-rc5/bin/lean LEAN_GITHASH=81b85203c90439fb7d7e0cec32130d62d8cb7a2e LEAN_SYSROOT=/home/michail/.elan/toolchains/leanprover--lean4---v4.20.0-rc5 LEAN_AR=/home/michail/.elan/toolchains/leanprover--lean4---v4.20.0-rc5/bin/llvm-ar LEAN_CC= LEAN_PATH=/home/michail/HopfieldNet/.lake/packages/batteries/.lake/build/lib/lean:/home/michail/HopfieldNet/.lake/packages/Qq/.lake/build/lib/lean:/home/michail/HopfieldNet/.lake/packages/aesop/.lake/build/lib/lean:/home/michail/HopfieldNet/.lake/packages/proofwidgets/.lake/build/lib/lean:/home/michail/HopfieldNet/.lake/packages/importGraph/.lake/build/lib/lean:/home/michail/HopfieldNet/.lake/packages/LeanSearchClient/.lake/build/lib/lean:/home/michail/HopfieldNet/.lake/packages/plausible/.lake/build/lib/lean:/home/michail/HopfieldNet/.lake/packages/mathlib/.lake/build/lib/lean:/home/michail/HopfieldNet/.lake/packages/checkdecls/.lake/build/lib/lean:/home/michail/HopfieldNet/.lake/packages/MD4Lean/.lake/build/lib/lean:/home/michail/HopfieldNet/.lake/packages/BibtexQuery/.lake/build/lib/lean:/home/michail/HopfieldNet/.lake/packages/UnicodeBasic/.lake/build/lib/lean:/home/michail/HopfieldNet/.lake/packages/Cli/.lake/build/lib/lean:/home/michail/HopfieldNet/.lake/build/lib/lean:/home/michail/HopfieldNet/.lake/packages/doc-gen4/.lake/build/lib/lean:/home/michail/HopfieldNet/docbuild/.lake/build/lib/lean:/home/michail/.elan/toolchains/leanprover--lean4---v4.20.0-rc5/lib/lean LEAN_SRC_PATH=/home/michail/HopfieldNet/.lake/packages/batteries:/home/michail/HopfieldNet/.lake/packages/batteries:/home/michail/HopfieldNet/.lake/packages/Qq:/home/michail/HopfieldNet/.lake/packages/aesop:/home/michail/HopfieldNet/.lake/packages/aesop:/home/michail/HopfieldNet/.lake/packages/proofwidgets:/home/michail/HopfieldNet/.lake/packages/proofwidgets:/home/michail/HopfieldNet/.lake/packages/importGraph:/home/michail/HopfieldNet/.lake/packages/importGraph:/home/michail/HopfieldNet/.lake/packages/LeanSearchClient:/home/michail/HopfieldNet/.lake/packages/LeanSearchClient:/home/michail/HopfieldNet/.lake/packages/plausible:/home/michail/HopfieldNet/.lake/packages/plausible:/home/michail/HopfieldNet/.lake/packages/mathlib:/home/michail/HopfieldNet/.lake/packages/mathlib:/home/michail/HopfieldNet/.lake/packages/mathlib:/home/michail/HopfieldNet/.lake/packages/mathlib:/home/michail/HopfieldNet/.lake/packages/mathlib:/home/michail/HopfieldNet/.lake/packages/mathlib:/home/michail/HopfieldNet/.lake/packages/mathlib:/home/michail/HopfieldNet/.lake/packages/MD4Lean:/home/michail/HopfieldNet/.lake/packages/MD4Lean:/home/michail/HopfieldNet/.lake/packages/BibtexQuery:/home/michail/HopfieldNet/.lake/packages/UnicodeBasic:/home/michail/HopfieldNet/.lake/packages/UnicodeBasic:/home/michail/HopfieldNet/.lake/packages/Cli:/home/michail/HopfieldNet:/home/michail/HopfieldNet/.lake/packages/doc-gen4:/home/michail/.elan/toolchains/leanprover--lean4---v4.20.0-rc5/src/lean/lake PATH LD_LIBRARY_PATH=/home/michail/.elan/toolchains/leanprover--lean4---v4.20.0-rc5/lib/lean:/home/michail/.elan/toolchains/leanprover--lean4---v4.20.0-rc5/lib:/home/michail/HopfieldNet/docbuild/.lake/build/lib:/home/michail/HopfieldNet/.lake/packages/doc-gen4/.lake/build/lib:/home/michail/HopfieldNet/.lake/build/lib:/home/michail/HopfieldNet/.lake/packages/Cli/.lake/build/lib:/home/michail/HopfieldNet/.lake/packages/UnicodeBasic/.lake/build/lib:/home/michail/HopfieldNet/.lake/packages/BibtexQuery/.lake/build/lib:/home/michail/HopfieldNet/.lake/packages/MD4Lean/.lake/build/lib:/home/michail/HopfieldNet/.lake/packages/checkdecls/.lake/build/lib:/home/michail/HopfieldNet/.lake/packages/mathlib/.lake/build/lib:/home/michail/HopfieldNet/.lake/packages/plausible/.lake/build/lib:/home/michail/HopfieldNet/.lake/packages/LeanSearchClient/.lake/build/lib:/home/michail/HopfieldNet/.lake/packages/importGraph/.lake/build/lib:/home/michail/HopfieldNet/.lake/packages/proofwidgets/.lake/build/lib:/home/michail/HopfieldNet/.lake/packages/aesop/.lake/build/lib:/home/michail/HopfieldNet/.lake/packages/Qq/.lake/build/lib:/home/michail/HopfieldNet/.lake/packages/batteries/.lake/build/lib /home/michail/HopfieldNet/.lake/packages/doc-gen4/.lake/build/bin/doc-gen4 single --build /home/michail/HopfieldNet/docbuild/.lake/build Batteries https://github.com/leanprover-community/batteries/blob/78e1181c4752c7e10874d2ed5a6a15063f4a35b6/Batteries.lean",
   "level": "trace"}],
 "inputs":
 [["<collection>",
   [["/home/michail/HopfieldNet/docbuild/.lake/build/doc/Batteries/Classes/Cast.html",
     "13063739585639514678"],
    ["/home/michail/HopfieldNet/docbuild/.lake/build/doc/Batteries/Classes/Order.html",
     "16077245725697120701"],
    ["/home/michail/HopfieldNet/docbuild/.lake/build/doc/Batteries/Classes/RatCast.html",
     "12299500204947400509"],
    ["/home/michail/HopfieldNet/docbuild/.lake/build/doc/Batteries/Classes/SatisfiesM.html",
     "1453800401323091612"],
    ["/home/michail/HopfieldNet/docbuild/.lake/build/doc/Batteries/CodeAction.html",
     "3032911664996775901"],
    ["/home/michail/HopfieldNet/docbuild/.lake/build/doc/Batteries/CodeAction/Attr.html",
     "5422573147773435653"],
    ["/home/michail/HopfieldNet/docbuild/.lake/build/doc/Batteries/CodeAction/Basic.html",
     "16869531355637822695"],
    ["/home/michail/HopfieldNet/docbuild/.lake/build/doc/Batteries/CodeAction/Deprecated.html",
     "683557560005550287"],
    ["/home/michail/HopfieldNet/docbuild/.lake/build/doc/Batteries/CodeAction/Misc.html",
     "14270114871823888477"],
    ["/home/michail/HopfieldNet/docbuild/.lake/build/doc/Batteries/Control/AlternativeMonad.html",
     "8682243305005004279"],
    ["/home/michail/HopfieldNet/docbuild/.lake/build/doc/Batteries/Control/ForInStep.html",
     "8663822236391299048"],
    ["/home/michail/HopfieldNet/docbuild/.lake/build/doc/Batteries/Control/ForInStep/Basic.html",
     "13253369660868505416"],
    ["/home/michail/HopfieldNet/docbuild/.lake/build/doc/Batteries/Control/ForInStep/Lemmas.html",
     "4826312842482332889"],
    ["/home/michail/HopfieldNet/docbuild/.lake/build/doc/Batteries/Control/Lawful/MonadLift.html",
     "231341934177196047"],
    ["/home/michail/HopfieldNet/docbuild/.lake/build/doc/Batteries/Control/Lemmas.html",
     "7112603077554938159"],
    ["/home/michail/HopfieldNet/docbuild/.lake/build/doc/Batteries/Control/Monad.html",
     "14467596331986818761"],
    ["/home/michail/HopfieldNet/docbuild/.lake/build/doc/Batteries/Control/Nondet/Basic.html",
     "9644708957175817298"],
    ["/home/michail/HopfieldNet/docbuild/.lake/build/doc/Batteries/Control/OptionT.html",
     "9166836629961171473"],
    ["/home/michail/HopfieldNet/docbuild/.lake/build/doc/Batteries/Data/Array.html",
     "6013248820899115763"],
    ["/home/michail/HopfieldNet/docbuild/.lake/build/doc/Batteries/Data/AssocList.html",
     "11650138242490275236"],
    ["/home/michail/HopfieldNet/docbuild/.lake/build/doc/Batteries/Data/BinaryHeap.html",
     "13747623168471744468"],
    ["/home/michail/HopfieldNet/docbuild/.lake/build/doc/Batteries/Data/BinomialHeap.html",
     "11050740364991620137"],
    ["/home/michail/HopfieldNet/docbuild/.lake/build/doc/Batteries/Data/BitVec.html",
     "8729942506092847128"],
    ["/home/michail/HopfieldNet/docbuild/.lake/build/doc/Batteries/Data/ByteArray.html",
     "16544274292635699677"],
    ["/home/michail/HopfieldNet/docbuild/.lake/build/doc/Batteries/Data/ByteSubarray.html",
     "4091635765411393893"],
    ["/home/michail/HopfieldNet/docbuild/.lake/build/doc/Batteries/Data/Char.html",
     "15028913653458902359"],
    ["/home/michail/HopfieldNet/docbuild/.lake/build/doc/Batteries/Data/DList.html",
     "11591975204612692479"],
    ["/home/michail/HopfieldNet/docbuild/.lake/build/doc/Batteries/Data/Fin.html",
     "17597702822238625024"],
    ["/home/michail/HopfieldNet/docbuild/.lake/build/doc/Batteries/Data/FloatArray.html",
     "8658825883059761999"],
    ["/home/michail/HopfieldNet/docbuild/.lake/build/doc/Batteries/Data/HashMap.html",
     "3514803733697258119"],
    ["/home/michail/HopfieldNet/docbuild/.lake/build/doc/Batteries/Data/Int.html",
     "3067955216056145901"],
    ["/home/michail/HopfieldNet/docbuild/.lake/build/doc/Batteries/Data/List.html",
     "11953190672494155087"],
    ["/home/michail/HopfieldNet/docbuild/.lake/build/doc/Batteries/Data/MLList.html",
     "8663697132077681089"],
    ["/home/michail/HopfieldNet/docbuild/.lake/build/doc/Batteries/Data/NameSet.html",
     "6451356902107201452"],
    ["/home/michail/HopfieldNet/docbuild/.lake/build/doc/Batteries/Data/Nat.html",
     "16020865474337962335"],
    ["/home/michail/HopfieldNet/docbuild/.lake/build/doc/Batteries/Data/PairingHeap.html",
     "4823225039244019640"],
    ["/home/michail/HopfieldNet/docbuild/.lake/build/doc/Batteries/Data/RBMap.html",
     "6488453558704809622"],
    ["/home/michail/HopfieldNet/docbuild/.lake/build/doc/Batteries/Data/Random.html",
     "17953788960950319861"],
    ["/home/michail/HopfieldNet/docbuild/.lake/build/doc/Batteries/Data/Range.html",
     "1909227283244468275"],
    ["/home/michail/HopfieldNet/docbuild/.lake/build/doc/Batteries/Data/Rat.html",
     "9459020894213396250"],
    ["/home/michail/HopfieldNet/docbuild/.lake/build/doc/Batteries/Data/Stream.html",
     "11687198215138905218"],
    ["/home/michail/HopfieldNet/docbuild/.lake/build/doc/Batteries/Data/String.html",
     "8709745113269350538"],
    ["/home/michail/HopfieldNet/docbuild/.lake/build/doc/Batteries/Data/UInt.html",
     "15220969342229706368"],
    ["/home/michail/HopfieldNet/docbuild/.lake/build/doc/Batteries/Data/UnionFind.html",
     "7753280433875253590"],
    ["/home/michail/HopfieldNet/docbuild/.lake/build/doc/Batteries/Data/Vector.html",
     "9922072584171419577"],
    ["/home/michail/HopfieldNet/docbuild/.lake/build/doc/Batteries/Lean/AttributeExtra.html",
     "13196112869709873919"],
    ["/home/michail/HopfieldNet/docbuild/.lake/build/doc/Batteries/Lean/EStateM.html",
     "3213901734662091060"],
    ["/home/michail/HopfieldNet/docbuild/.lake/build/doc/Batteries/Lean/Except.html",
     "16489671752124570351"],
    ["/home/michail/HopfieldNet/docbuild/.lake/build/doc/Batteries/Lean/Expr.html",
     "1912570106270332157"],
    ["/home/michail/HopfieldNet/docbuild/.lake/build/doc/Batteries/Lean/Float.html",
     "15755939400363534016"],
    ["/home/michail/HopfieldNet/docbuild/.lake/build/doc/Batteries/Lean/HashMap.html",
     "15993617501479804097"],
    ["/home/michail/HopfieldNet/docbuild/.lake/build/doc/Batteries/Lean/HashSet.html",
     "18197223738311759631"],
    ["/home/michail/HopfieldNet/docbuild/.lake/build/doc/Batteries/Lean/IO/Process.html",
     "12745707563053351409"],
    ["/home/michail/HopfieldNet/docbuild/.lake/build/doc/Batteries/Lean/Json.html",
     "13828014731364263425"],
    ["/home/michail/HopfieldNet/docbuild/.lake/build/doc/Batteries/Lean/LawfulMonad.html",
     "4783172074381879613"],
    ["/home/michail/HopfieldNet/docbuild/.lake/build/doc/Batteries/Lean/LawfulMonadLift.html",
     "901297502326173969"],
    ["/home/michail/HopfieldNet/docbuild/.lake/build/doc/Batteries/Lean/Meta/Basic.html",
     "5570728762072496734"],
    ["/home/michail/HopfieldNet/docbuild/.lake/build/doc/Batteries/Lean/Meta/DiscrTree.html",
     "6943200815161179920"],
    ["/home/michail/HopfieldNet/docbuild/.lake/build/doc/Batteries/Lean/Meta/Expr.html",
     "663263918747597798"],
    ["/home/michail/HopfieldNet/docbuild/.lake/build/doc/Batteries/Lean/Meta/Inaccessible.html",
     "13457823869245239079"],
    ["/home/michail/HopfieldNet/docbuild/.lake/build/doc/Batteries/Lean/Meta/InstantiateMVars.html",
     "18224311326497003627"],
    ["/home/michail/HopfieldNet/docbuild/.lake/build/doc/Batteries/Lean/Meta/SavedState.html",
     "8289957238705853540"],
    ["/home/michail/HopfieldNet/docbuild/.lake/build/doc/Batteries/Lean/Meta/Simp.html",
     "2969691708562903923"],
    ["/home/michail/HopfieldNet/docbuild/.lake/build/doc/Batteries/Lean/Meta/UnusedNames.html",
     "3106314871392099435"],
    ["/home/michail/HopfieldNet/docbuild/.lake/build/doc/Batteries/Lean/MonadBacktrack.html",
     "9065132954047944190"],
    ["/home/michail/HopfieldNet/docbuild/.lake/build/doc/Batteries/Lean/NameMapAttribute.html",
     "8261010604417157251"],
    ["/home/michail/HopfieldNet/docbuild/.lake/build/doc/Batteries/Lean/PersistentHashMap.html",
     "8822179265019070826"],
    ["/home/michail/HopfieldNet/docbuild/.lake/build/doc/Batteries/Lean/PersistentHashSet.html",
     "1225632766573263384"],
    ["/home/michail/HopfieldNet/docbuild/.lake/build/doc/Batteries/Lean/Position.html",
     "17198685594269109546"],
    ["/home/michail/HopfieldNet/docbuild/.lake/build/doc/Batteries/Lean/SatisfiesM.html",
     "13981981181770658951"],
    ["/home/michail/HopfieldNet/docbuild/.lake/build/doc/Batteries/Lean/Syntax.html",
     "8376662314777949445"],
    ["/home/michail/HopfieldNet/docbuild/.lake/build/doc/Batteries/Lean/System/IO.html",
     "13112916446249806260"],
    ["/home/michail/HopfieldNet/docbuild/.lake/build/doc/Batteries/Lean/TagAttribute.html",
     "4166524034988931906"],
    ["/home/michail/HopfieldNet/docbuild/.lake/build/doc/Batteries/Lean/Util/EnvSearch.html",
     "4098071380243446544"],
    ["/home/michail/HopfieldNet/docbuild/.lake/build/doc/Batteries/Linter.html",
     "7967658693907911358"],
    ["/home/michail/HopfieldNet/docbuild/.lake/build/doc/Batteries/Linter/UnnecessarySeqFocus.html",
     "17544886081026501055"],
    ["/home/michail/HopfieldNet/docbuild/.lake/build/doc/Batteries/Linter/UnreachableTactic.html",
     "9010900189133952628"],
    ["/home/michail/HopfieldNet/docbuild/.lake/build/doc/Batteries/Logic.html",
     "13570201443880667331"],
    ["/home/michail/HopfieldNet/docbuild/.lake/build/doc/Batteries/Tactic/Alias.html",
     "7692764552291494871"],
    ["/home/michail/HopfieldNet/docbuild/.lake/build/doc/Batteries/Tactic/Basic.html",
     "16551981309921787200"],
    ["/home/michail/HopfieldNet/docbuild/.lake/build/doc/Batteries/Tactic/Case.html",
     "1734420950043509410"],
    ["/home/michail/HopfieldNet/docbuild/.lake/build/doc/Batteries/Tactic/Congr.html",
     "13657032234930358568"],
    ["/home/michail/HopfieldNet/docbuild/.lake/build/doc/Batteries/Tactic/Exact.html",
     "3985981338287575105"],
    ["/home/michail/HopfieldNet/docbuild/.lake/build/doc/Batteries/Tactic/HelpCmd.html",
     "11149861260612381032"],
    ["/home/michail/HopfieldNet/docbuild/.lake/build/doc/Batteries/Tactic/Init.html",
     "1417504490488688761"],
    ["/home/michail/HopfieldNet/docbuild/.lake/build/doc/Batteries/Tactic/Instances.html",
     "2295359639150453993"],
    ["/home/michail/HopfieldNet/docbuild/.lake/build/doc/Batteries/Tactic/Lemma.html",
     "8542317952821965952"],
    ["/home/michail/HopfieldNet/docbuild/.lake/build/doc/Batteries/Tactic/Lint.html",
     "16476060554909981415"],
    ["/home/michail/HopfieldNet/docbuild/.lake/build/doc/Batteries/Tactic/Lint/Basic.html",
     "12229350985886777297"],
    ["/home/michail/HopfieldNet/docbuild/.lake/build/doc/Batteries/Tactic/Lint/Frontend.html",
     "10115462629811363147"],
    ["/home/michail/HopfieldNet/docbuild/.lake/build/doc/Batteries/Tactic/Lint/Misc.html",
     "12662186382939876043"],
    ["/home/michail/HopfieldNet/docbuild/.lake/build/doc/Batteries/Tactic/Lint/Simp.html",
     "13821678615174847962"],
    ["/home/michail/HopfieldNet/docbuild/.lake/build/doc/Batteries/Tactic/Lint/TypeClass.html",
     "2684176295225457524"],
    ["/home/michail/HopfieldNet/docbuild/.lake/build/doc/Batteries/Tactic/NoMatch.html",
     "10683100844735971570"],
    ["/home/michail/HopfieldNet/docbuild/.lake/build/doc/Batteries/Tactic/OpenPrivate.html",
     "10242886979924804918"],
    ["/home/michail/HopfieldNet/docbuild/.lake/build/doc/Batteries/Tactic/PermuteGoals.html",
     "8857792283147648183"],
    ["/home/michail/HopfieldNet/docbuild/.lake/build/doc/Batteries/Tactic/PrintDependents.html",
     "9363194001868528147"],
    ["/home/michail/HopfieldNet/docbuild/.lake/build/doc/Batteries/Tactic/PrintOpaques.html",
     "7822335363268652339"],
    ["/home/michail/HopfieldNet/docbuild/.lake/build/doc/Batteries/Tactic/PrintPrefix.html",
     "10544288890416355617"],
    ["/home/michail/HopfieldNet/docbuild/.lake/build/doc/Batteries/Tactic/SeqFocus.html",
     "17210302232900177139"],
    ["/home/michail/HopfieldNet/docbuild/.lake/build/doc/Batteries/Tactic/ShowUnused.html",
     "6276774411677451660"],
    ["/home/michail/HopfieldNet/docbuild/.lake/build/doc/Batteries/Tactic/SqueezeScope.html",
     "7409674649429398067"],
    ["/home/michail/HopfieldNet/docbuild/.lake/build/doc/Batteries/Tactic/Trans.html",
     "189842444886282073"],
    ["/home/michail/HopfieldNet/docbuild/.lake/build/doc/Batteries/Tactic/Unreachable.html",
     "14609961229161626664"],
    ["/home/michail/HopfieldNet/docbuild/.lake/build/doc/Batteries/Util/Cache.html",
     "4311790958258592559"],
    ["/home/michail/HopfieldNet/docbuild/.lake/build/doc/Batteries/Util/ExtendedBinder.html",
     "14622062286908072267"],
    ["/home/michail/HopfieldNet/docbuild/.lake/build/doc/Batteries/Util/LibraryNote.html",
     "6311605716222597550"],
    ["/home/michail/HopfieldNet/docbuild/.lake/build/doc/Batteries/Util/Panic.html",
     "13830775862818891995"],
    ["/home/michail/HopfieldNet/docbuild/.lake/build/doc/Batteries/Util/Pickle.html",
     "13541531817439882640"],
    ["/home/michail/HopfieldNet/docbuild/.lake/build/doc/Batteries/Util/ProofWanted.html",
     "7506123211084748739"],
    ["/home/michail/HopfieldNet/docbuild/.lake/build/doc/Batteries/WF.html",
     "3541431270080885914"]]],
  ["/home/michail/HopfieldNet/docbuild/.lake/build/doc-data/references.json",
   "9311986744312936243"],
  ["/home/michail/HopfieldNet/.lake/packages/doc-gen4/.lake/build/bin/doc-gen4",
   "12913068545217439150"],
  ["Batteries:leanArts", "16675502589421575179"]],
 "depHash": "18316905412788223727"}