{"log":
 [{"message":
   ".> ELAN=elan ELAN_HOME=/home/michail/.elan ELAN_TOOLCHAIN=leanprover/lean4:v4.20.0-rc5 LAKE=/home/michail/.elan/toolchains/leanprover--lean4---v4.20.0-rc5/bin/lake LAKE_HOME=/home/michail/.elan/toolchains/leanprover--lean4---v4.20.0-rc5 LAKE_PKG_URL_MAP={} LEAN=/home/michail/.elan/toolchains/leanprover--lean4---v4.20.0-rc5/bin/lean LEAN_GITHASH=81b85203c90439fb7d7e0cec32130d62d8cb7a2e LEAN_SYSROOT=/home/michail/.elan/toolchains/leanprover--lean4---v4.20.0-rc5 LEAN_AR=/home/michail/.elan/toolchains/leanprover--lean4---v4.20.0-rc5/bin/llvm-ar LEAN_CC= LEAN_PATH=/home/michail/HopfieldNet/.lake/packages/batteries/.lake/build/lib/lean:/home/michail/HopfieldNet/.lake/packages/Qq/.lake/build/lib/lean:/home/michail/HopfieldNet/.lake/packages/aesop/.lake/build/lib/lean:/home/michail/HopfieldNet/.lake/packages/proofwidgets/.lake/build/lib/lean:/home/michail/HopfieldNet/.lake/packages/importGraph/.lake/build/lib/lean:/home/michail/HopfieldNet/.lake/packages/LeanSearchClient/.lake/build/lib/lean:/home/michail/HopfieldNet/.lake/packages/plausible/.lake/build/lib/lean:/home/michail/HopfieldNet/.lake/packages/mathlib/.lake/build/lib/lean:/home/michail/HopfieldNet/.lake/packages/checkdecls/.lake/build/lib/lean:/home/michail/HopfieldNet/.lake/packages/MD4Lean/.lake/build/lib/lean:/home/michail/HopfieldNet/.lake/packages/BibtexQuery/.lake/build/lib/lean:/home/michail/HopfieldNet/.lake/packages/UnicodeBasic/.lake/build/lib/lean:/home/michail/HopfieldNet/.lake/packages/Cli/.lake/build/lib/lean:/home/michail/HopfieldNet/.lake/build/lib/lean:/home/michail/HopfieldNet/.lake/packages/doc-gen4/.lake/build/lib/lean:/home/michail/HopfieldNet/docbuild/.lake/build/lib/lean:/home/michail/.elan/toolchains/leanprover--lean4---v4.20.0-rc5/lib/lean LEAN_SRC_PATH=/home/michail/HopfieldNet/.lake/packages/batteries:/home/michail/HopfieldNet/.lake/packages/batteries:/home/michail/HopfieldNet/.lake/packages/Qq:/home/michail/HopfieldNet/.lake/packages/aesop:/home/michail/HopfieldNet/.lake/packages/aesop:/home/michail/HopfieldNet/.lake/packages/proofwidgets:/home/michail/HopfieldNet/.lake/packages/proofwidgets:/home/michail/HopfieldNet/.lake/packages/importGraph:/home/michail/HopfieldNet/.lake/packages/importGraph:/home/michail/HopfieldNet/.lake/packages/LeanSearchClient:/home/michail/HopfieldNet/.lake/packages/LeanSearchClient:/home/michail/HopfieldNet/.lake/packages/plausible:/home/michail/HopfieldNet/.lake/packages/plausible:/home/michail/HopfieldNet/.lake/packages/mathlib:/home/michail/HopfieldNet/.lake/packages/mathlib:/home/michail/HopfieldNet/.lake/packages/mathlib:/home/michail/HopfieldNet/.lake/packages/mathlib:/home/michail/HopfieldNet/.lake/packages/mathlib:/home/michail/HopfieldNet/.lake/packages/mathlib:/home/michail/HopfieldNet/.lake/packages/mathlib:/home/michail/HopfieldNet/.lake/packages/MD4Lean:/home/michail/HopfieldNet/.lake/packages/MD4Lean:/home/michail/HopfieldNet/.lake/packages/BibtexQuery:/home/michail/HopfieldNet/.lake/packages/UnicodeBasic:/home/michail/HopfieldNet/.lake/packages/UnicodeBasic:/home/michail/HopfieldNet/.lake/packages/Cli:/home/michail/HopfieldNet:/home/michail/HopfieldNet/.lake/packages/doc-gen4:/home/michail/.elan/toolchains/leanprover--lean4---v4.20.0-rc5/src/lean/lake PATH LD_LIBRARY_PATH=/home/michail/.elan/toolchains/leanprover--lean4---v4.20.0-rc5/lib/lean:/home/michail/.elan/toolchains/leanprover--lean4---v4.20.0-rc5/lib:/home/michail/HopfieldNet/docbuild/.lake/build/lib:/home/michail/HopfieldNet/.lake/packages/doc-gen4/.lake/build/lib:/home/michail/HopfieldNet/.lake/build/lib:/home/michail/HopfieldNet/.lake/packages/Cli/.lake/build/lib:/home/michail/HopfieldNet/.lake/packages/UnicodeBasic/.lake/build/lib:/home/michail/HopfieldNet/.lake/packages/BibtexQuery/.lake/build/lib:/home/michail/HopfieldNet/.lake/packages/MD4Lean/.lake/build/lib:/home/michail/HopfieldNet/.lake/packages/checkdecls/.lake/build/lib:/home/michail/HopfieldNet/.lake/packages/mathlib/.lake/build/lib:/home/michail/HopfieldNet/.lake/packages/plausible/.lake/build/lib:/home/michail/HopfieldNet/.lake/packages/LeanSearchClient/.lake/build/lib:/home/michail/HopfieldNet/.lake/packages/importGraph/.lake/build/lib:/home/michail/HopfieldNet/.lake/packages/proofwidgets/.lake/build/lib:/home/michail/HopfieldNet/.lake/packages/aesop/.lake/build/lib:/home/michail/HopfieldNet/.lake/packages/Qq/.lake/build/lib:/home/michail/HopfieldNet/.lake/packages/batteries/.lake/build/lib /home/michail/HopfieldNet/.lake/packages/doc-gen4/.lake/build/bin/doc-gen4 single --build /home/michail/HopfieldNet/docbuild/.lake/build HopfieldNet https://github.com/mkaratarakis/HopfieldNet/blob/d669253cbe19c6ce4cd103939fa32fb81c26d54b/HopfieldNet.lean",
   "level": "trace"}],
 "inputs":
 [["<collection>",
   [["/home/michail/HopfieldNet/docbuild/.lake/build/doc/HopfieldNet/HN/aux.html",
     "11742617274740131182"],
    ["/home/michail/HopfieldNet/docbuild/.lake/build/doc/HopfieldNet/NN.html",
     "3205892775201187468"],
    ["/home/michail/HopfieldNet/docbuild/.lake/build/doc/HopfieldNet/HN/Core.html",
     "3264746196390426897"],
    ["/home/michail/HopfieldNet/docbuild/.lake/build/doc/HopfieldNet/HN/Asym.html",
     "9358162319270616804"],
    ["/home/michail/HopfieldNet/docbuild/.lake/build/doc/HopfieldNet/HN/test.html",
     "11234072900584604382"],
    ["/home/michail/HopfieldNet/docbuild/.lake/build/doc/HopfieldNet/Stochastic.html",
     "6944068853881564906"],
    ["/home/michail/HopfieldNet/docbuild/.lake/build/doc/HopfieldNet/DetailedBalance.html",
     "12889608803597416188"],
    ["/home/michail/HopfieldNet/docbuild/.lake/build/doc/HopfieldNet/Papers/Hopfield82/PhaseSpaceFlow.html",
     "7583018333503618114"],
    ["/home/michail/HopfieldNet/docbuild/.lake/build/doc/HopfieldNet/Papers/Hopfield82/MemoryConfusion.html",
     "4421112016700893229"],
    ["/home/michail/HopfieldNet/docbuild/.lake/build/doc/HopfieldNet/Papers/Hopfield82/MemoryStorage.html",
     "3600058962761067323"],
    ["/home/michail/HopfieldNet/docbuild/.lake/build/doc/HopfieldNet/Papers/Hopfield82/EnergyConvergence.html",
     "4535894901370900005"],
    ["/home/michail/HopfieldNet/docbuild/.lake/build/doc/HopfieldNet/SpinState/Basic.html",
     "10671690959633628615"],
    ["/home/michail/HopfieldNet/docbuild/.lake/build/doc/HopfieldNet/SpinState/StochasticUpdate.html",
     "10837826447060279737"],
    ["/home/michail/HopfieldNet/docbuild/.lake/build/doc/HopfieldNet/BM/Core.html",
     "4043142309375303042"],
    ["/home/michail/HopfieldNet/docbuild/.lake/build/doc/HopfieldNet/BM/Markov.html",
     "7497436097642777801"],
    ["/home/michail/HopfieldNet/docbuild/.lake/build/doc/HopfieldNet/Tools/ComputableReal/aux_lemmas.html",
     "12803150791783182273"],
    ["/home/michail/HopfieldNet/docbuild/.lake/build/doc/HopfieldNet/Tools/ComputableReal/ComputableReal.html",
     "17838414827240793745"],
    ["/home/michail/HopfieldNet/docbuild/.lake/build/doc/HopfieldNet/Tools/ComputableReal/ComputableRSeq.html",
     "14992154506053432672"],
    ["/home/michail/HopfieldNet/docbuild/.lake/build/doc/HopfieldNet/Tools/ComputableReal/examples.html",
     "8888242966372689075"],
    ["/home/michail/HopfieldNet/docbuild/.lake/build/doc/HopfieldNet/Tools/ComputableReal/IsComputable.html",
     "10219672855512964814"],
    ["/home/michail/HopfieldNet/docbuild/.lake/build/doc/HopfieldNet/Tools/ComputableReal/IsComputableC.html",
     "11469802242303566908"],
    ["/home/michail/HopfieldNet/docbuild/.lake/build/doc/HopfieldNet/Tools/ComputableReal/SpecialFunctions/Basic.html",
     "2022007364358597978"],
    ["/home/michail/HopfieldNet/docbuild/.lake/build/doc/HopfieldNet/Tools/ComputableReal/SpecialFunctions/Exp.html",
     "384992058160105398"],
    ["/home/michail/HopfieldNet/docbuild/.lake/build/doc/HopfieldNet/Tools/ComputableReal/SpecialFunctions/Pi.html",
     "5137897385138000436"],
    ["/home/michail/HopfieldNet/docbuild/.lake/build/doc/HopfieldNet/Tools/ComputableReal/SpecialFunctions/Sqrt.html",
     "18291143003970737663"]]],
  ["/home/michail/HopfieldNet/docbuild/.lake/build/doc-data/references.json",
   "9311986744312936243"],
  ["/home/michail/HopfieldNet/.lake/packages/doc-gen4/.lake/build/bin/doc-gen4",
   "12913068545217439150"],
  ["HopfieldNet:leanArts", "6535254472596903787"]],
 "depHash": "17319133316599051868"}