{"log":
 [{"message":
   ".> ELAN=elan ELAN_HOME=/home/michail/.elan ELAN_TOOLCHAIN=leanprover/lean4:v4.20.0-rc5 LAKE=/home/michail/.elan/toolchains/leanprover--lean4---v4.20.0-rc5/bin/lake LAKE_HOME=/home/michail/.elan/toolchains/leanprover--lean4---v4.20.0-rc5 LAKE_PKG_URL_MAP={} LEAN=/home/michail/.elan/toolchains/leanprover--lean4---v4.20.0-rc5/bin/lean LEAN_GITHASH=81b85203c90439fb7d7e0cec32130d62d8cb7a2e LEAN_SYSROOT=/home/michail/.elan/toolchains/leanprover--lean4---v4.20.0-rc5 LEAN_AR=/home/michail/.elan/toolchains/leanprover--lean4---v4.20.0-rc5/bin/llvm-ar LEAN_CC= LEAN_PATH=/home/michail/HopfieldNet/.lake/packages/batteries/.lake/build/lib/lean:/home/michail/HopfieldNet/.lake/packages/Qq/.lake/build/lib/lean:/home/michail/HopfieldNet/.lake/packages/aesop/.lake/build/lib/lean:/home/michail/HopfieldNet/.lake/packages/proofwidgets/.lake/build/lib/lean:/home/michail/HopfieldNet/.lake/packages/importGraph/.lake/build/lib/lean:/home/michail/HopfieldNet/.lake/packages/LeanSearchClient/.lake/build/lib/lean:/home/michail/HopfieldNet/.lake/packages/plausible/.lake/build/lib/lean:/home/michail/HopfieldNet/.lake/packages/mathlib/.lake/build/lib/lean:/home/michail/HopfieldNet/.lake/packages/checkdecls/.lake/build/lib/lean:/home/michail/HopfieldNet/.lake/packages/MD4Lean/.lake/build/lib/lean:/home/michail/HopfieldNet/.lake/packages/BibtexQuery/.lake/build/lib/lean:/home/michail/HopfieldNet/.lake/packages/UnicodeBasic/.lake/build/lib/lean:/home/michail/HopfieldNet/.lake/packages/Cli/.lake/build/lib/lean:/home/michail/HopfieldNet/.lake/build/lib/lean:/home/michail/HopfieldNet/.lake/packages/doc-gen4/.lake/build/lib/lean:/home/michail/HopfieldNet/docbuild/.lake/build/lib/lean:/home/michail/.elan/toolchains/leanprover--lean4---v4.20.0-rc5/lib/lean LEAN_SRC_PATH=/home/michail/HopfieldNet/.lake/packages/batteries:/home/michail/HopfieldNet/.lake/packages/batteries:/home/michail/HopfieldNet/.lake/packages/Qq:/home/michail/HopfieldNet/.lake/packages/aesop:/home/michail/HopfieldNet/.lake/packages/aesop:/home/michail/HopfieldNet/.lake/packages/proofwidgets:/home/michail/HopfieldNet/.lake/packages/proofwidgets:/home/michail/HopfieldNet/.lake/packages/importGraph:/home/michail/HopfieldNet/.lake/packages/importGraph:/home/michail/HopfieldNet/.lake/packages/LeanSearchClient:/home/michail/HopfieldNet/.lake/packages/LeanSearchClient:/home/michail/HopfieldNet/.lake/packages/plausible:/home/michail/HopfieldNet/.lake/packages/plausible:/home/michail/HopfieldNet/.lake/packages/mathlib:/home/michail/HopfieldNet/.lake/packages/mathlib:/home/michail/HopfieldNet/.lake/packages/mathlib:/home/michail/HopfieldNet/.lake/packages/mathlib:/home/michail/HopfieldNet/.lake/packages/mathlib:/home/michail/HopfieldNet/.lake/packages/mathlib:/home/michail/HopfieldNet/.lake/packages/mathlib:/home/michail/HopfieldNet/.lake/packages/MD4Lean:/home/michail/HopfieldNet/.lake/packages/MD4Lean:/home/michail/HopfieldNet/.lake/packages/BibtexQuery:/home/michail/HopfieldNet/.lake/packages/UnicodeBasic:/home/michail/HopfieldNet/.lake/packages/UnicodeBasic:/home/michail/HopfieldNet/.lake/packages/Cli:/home/michail/HopfieldNet:/home/michail/HopfieldNet/.lake/packages/doc-gen4:/home/michail/.elan/toolchains/leanprover--lean4---v4.20.0-rc5/src/lean/lake PATH LD_LIBRARY_PATH=/home/michail/.elan/toolchains/leanprover--lean4---v4.20.0-rc5/lib/lean:/home/michail/.elan/toolchains/leanprover--lean4---v4.20.0-rc5/lib:/home/michail/HopfieldNet/docbuild/.lake/build/lib:/home/michail/HopfieldNet/.lake/packages/doc-gen4/.lake/build/lib:/home/michail/HopfieldNet/.lake/build/lib:/home/michail/HopfieldNet/.lake/packages/Cli/.lake/build/lib:/home/michail/HopfieldNet/.lake/packages/UnicodeBasic/.lake/build/lib:/home/michail/HopfieldNet/.lake/packages/BibtexQuery/.lake/build/lib:/home/michail/HopfieldNet/.lake/packages/MD4Lean/.lake/build/lib:/home/michail/HopfieldNet/.lake/packages/checkdecls/.lake/build/lib:/home/michail/HopfieldNet/.lake/packages/mathlib/.lake/build/lib:/home/michail/HopfieldNet/.lake/packages/plausible/.lake/build/lib:/home/michail/HopfieldNet/.lake/packages/LeanSearchClient/.lake/build/lib:/home/michail/HopfieldNet/.lake/packages/importGraph/.lake/build/lib:/home/michail/HopfieldNet/.lake/packages/proofwidgets/.lake/build/lib:/home/michail/HopfieldNet/.lake/packages/aesop/.lake/build/lib:/home/michail/HopfieldNet/.lake/packages/Qq/.lake/build/lib:/home/michail/HopfieldNet/.lake/packages/batteries/.lake/build/lib /home/michail/HopfieldNet/.lake/packages/doc-gen4/.lake/build/bin/doc-gen4 single --build /home/michail/HopfieldNet/docbuild/.lake/build Mathlib.Tactic.Common https://github.com/leanprover-community/mathlib4/blob/e9db98beeec1b415e419a3a8f0d96ed55b0f29ab/Mathlib/Tactic/Common.lean",
   "level": "trace"}],
 "inputs":
 [["<collection>",
   [["/home/michail/HopfieldNet/docbuild/.lake/build/doc/Aesop.html",
     "2308712831710925767"],
    ["/home/michail/HopfieldNet/docbuild/.lake/build/doc/Qq.html",
     "17755059569520067964"],
    ["/home/michail/HopfieldNet/docbuild/.lake/build/doc/Plausible.html",
     "9362720701905469940"],
    ["/home/michail/HopfieldNet/docbuild/.lake/build/doc/ImportGraph/Imports.html",
     "14986313088528911605"],
    ["/home/michail/HopfieldNet/docbuild/.lake/build/doc/Batteries/Tactic/Basic.html",
     "16551981309921787200"],
    ["/home/michail/HopfieldNet/docbuild/.lake/build/doc/Batteries/Tactic/HelpCmd.html",
     "11149861260612381032"],
    ["/home/michail/HopfieldNet/docbuild/.lake/build/doc/LeanSearchClient.html",
     "7118842592817057351"],
    ["/home/michail/HopfieldNet/docbuild/.lake/build/doc/Mathlib/Tactic/Linter/Lint.html",
     "8082223263426161881"],
    ["/home/michail/HopfieldNet/docbuild/.lake/build/doc/Mathlib/Tactic/ApplyCongr.html",
     "11153044514852306565"],
    ["/home/michail/HopfieldNet/docbuild/.lake/build/doc/Mathlib/Tactic/ApplyAt.html",
     "14136181761803733689"],
    ["/home/michail/HopfieldNet/docbuild/.lake/build/doc/Mathlib/Tactic/ApplyWith.html",
     "12222227574708627189"],
    ["/home/michail/HopfieldNet/docbuild/.lake/build/doc/Mathlib/Tactic/Basic.html",
     "12243484158376367005"],
    ["/home/michail/HopfieldNet/docbuild/.lake/build/doc/Mathlib/Tactic/ByContra.html",
     "15909775187692713275"],
    ["/home/michail/HopfieldNet/docbuild/.lake/build/doc/Mathlib/Tactic/Cases.html",
     "508486265619246744"],
    ["/home/michail/HopfieldNet/docbuild/.lake/build/doc/Mathlib/Tactic/CasesM.html",
     "11529181185905426665"],
    ["/home/michail/HopfieldNet/docbuild/.lake/build/doc/Mathlib/Tactic/Check.html",
     "5076557808845197387"],
    ["/home/michail/HopfieldNet/docbuild/.lake/build/doc/Mathlib/Tactic/Choose.html",
     "16559925647401532794"],
    ["/home/michail/HopfieldNet/docbuild/.lake/build/doc/Mathlib/Tactic/ClearExclamation.html",
     "16680303352933966624"],
    ["/home/michail/HopfieldNet/docbuild/.lake/build/doc/Mathlib/Tactic/ClearExcept.html",
     "6278650765080537306"],
    ["/home/michail/HopfieldNet/docbuild/.lake/build/doc/Mathlib/Tactic/Clear_.html",
     "4487931927174718669"],
    ["/home/michail/HopfieldNet/docbuild/.lake/build/doc/Mathlib/Tactic/Coe.html",
     "8947771699689459544"],
    ["/home/michail/HopfieldNet/docbuild/.lake/build/doc/Mathlib/Tactic/CongrExclamation.html",
     "1367296291109868108"],
    ["/home/michail/HopfieldNet/docbuild/.lake/build/doc/Mathlib/Tactic/CongrM.html",
     "16712457947785476936"],
    ["/home/michail/HopfieldNet/docbuild/.lake/build/doc/Mathlib/Tactic/Constructor.html",
     "6348170734497281291"],
    ["/home/michail/HopfieldNet/docbuild/.lake/build/doc/Mathlib/Tactic/Contrapose.html",
     "2536763268703262197"],
    ["/home/michail/HopfieldNet/docbuild/.lake/build/doc/Mathlib/Tactic/Conv.html",
     "5116929179702526974"],
    ["/home/michail/HopfieldNet/docbuild/.lake/build/doc/Mathlib/Tactic/Convert.html",
     "6622663009812667055"],
    ["/home/michail/HopfieldNet/docbuild/.lake/build/doc/Mathlib/Tactic/DefEqTransformations.html",
     "13861511677422025376"],
    ["/home/michail/HopfieldNet/docbuild/.lake/build/doc/Mathlib/Tactic/DeprecateTo.html",
     "2132634167437077805"],
    ["/home/michail/HopfieldNet/docbuild/.lake/build/doc/Mathlib/Tactic/ErwQuestion.html",
     "2144527786494456504"],
    ["/home/michail/HopfieldNet/docbuild/.lake/build/doc/Mathlib/Tactic/Eqns.html",
     "11554221203222774535"],
    ["/home/michail/HopfieldNet/docbuild/.lake/build/doc/Mathlib/Tactic/ExistsI.html",
     "427112262231209900"],
    ["/home/michail/HopfieldNet/docbuild/.lake/build/doc/Mathlib/Tactic/ExtractGoal.html",
     "3411307064028655269"],
    ["/home/michail/HopfieldNet/docbuild/.lake/build/doc/Mathlib/Tactic/FailIfNoProgress.html",
     "5422895858669459788"],
    ["/home/michail/HopfieldNet/docbuild/.lake/build/doc/Mathlib/Tactic/Find.html",
     "3868448840864176995"],
    ["/home/michail/HopfieldNet/docbuild/.lake/build/doc/Mathlib/Tactic/GeneralizeProofs.html",
     "12425109218948978979"],
    ["/home/michail/HopfieldNet/docbuild/.lake/build/doc/Mathlib/Tactic/GuardGoalNums.html",
     "11359705274271448163"],
    ["/home/michail/HopfieldNet/docbuild/.lake/build/doc/Mathlib/Tactic/GuardHypNums.html",
     "16533394049058135128"],
    ["/home/michail/HopfieldNet/docbuild/.lake/build/doc/Mathlib/Tactic/HigherOrder.html",
     "3602670958419707977"],
    ["/home/michail/HopfieldNet/docbuild/.lake/build/doc/Mathlib/Tactic/Hint.html",
     "13968551680536518092"],
    ["/home/michail/HopfieldNet/docbuild/.lake/build/doc/Mathlib/Tactic/InferParam.html",
     "7605749866282284997"],
    ["/home/michail/HopfieldNet/docbuild/.lake/build/doc/Mathlib/Tactic/Inhabit.html",
     "15223373908190459584"],
    ["/home/michail/HopfieldNet/docbuild/.lake/build/doc/Mathlib/Tactic/IrreducibleDef.html",
     "13309337144648388511"],
    ["/home/michail/HopfieldNet/docbuild/.lake/build/doc/Mathlib/Tactic/Lift.html",
     "28356376742892747"],
    ["/home/michail/HopfieldNet/docbuild/.lake/build/doc/Mathlib/Tactic/Linter.html",
     "9595584076911647610"],
    ["/home/michail/HopfieldNet/docbuild/.lake/build/doc/Mathlib/Tactic/MkIffOfInductiveProp.html",
     "1816424162460771022"],
    ["/home/michail/HopfieldNet/docbuild/.lake/build/doc/Mathlib/Tactic/NthRewrite.html",
     "13434295657934395884"],
    ["/home/michail/HopfieldNet/docbuild/.lake/build/doc/Mathlib/Tactic/Observe.html",
     "3972346696682803893"],
    ["/home/michail/HopfieldNet/docbuild/.lake/build/doc/Mathlib/Tactic/OfNat.html",
     "2019950699545172314"],
    ["/home/michail/HopfieldNet/docbuild/.lake/build/doc/Mathlib/Tactic/Propose.html",
     "11394879052132617992"],
    ["/home/michail/HopfieldNet/docbuild/.lake/build/doc/Mathlib/Tactic/Push.html",
     "9607988688992190015"],
    ["/home/michail/HopfieldNet/docbuild/.lake/build/doc/Mathlib/Tactic/RSuffices.html",
     "8463821857530952977"],
    ["/home/michail/HopfieldNet/docbuild/.lake/build/doc/Mathlib/Tactic/Recover.html",
     "8804992583172751009"],
    ["/home/michail/HopfieldNet/docbuild/.lake/build/doc/Mathlib/Tactic/Relation/Rfl.html",
     "11788123246314191515"],
    ["/home/michail/HopfieldNet/docbuild/.lake/build/doc/Mathlib/Tactic/Rename.html",
     "17319489277190496457"],
    ["/home/michail/HopfieldNet/docbuild/.lake/build/doc/Mathlib/Tactic/RenameBVar.html",
     "7898719812326845757"],
    ["/home/michail/HopfieldNet/docbuild/.lake/build/doc/Mathlib/Tactic/Says.html",
     "5494274441909361641"],
    ["/home/michail/HopfieldNet/docbuild/.lake/build/doc/Mathlib/Tactic/ScopedNS.html",
     "1661441674918574358"],
    ["/home/michail/HopfieldNet/docbuild/.lake/build/doc/Mathlib/Tactic/Set.html",
     "9791090980152685289"],
    ["/home/michail/HopfieldNet/docbuild/.lake/build/doc/Mathlib/Tactic/SimpIntro.html",
     "6042310989105616381"],
    ["/home/michail/HopfieldNet/docbuild/.lake/build/doc/Mathlib/Tactic/SimpRw.html",
     "5075997384178788481"],
    ["/home/michail/HopfieldNet/docbuild/.lake/build/doc/Mathlib/Tactic/Simps/Basic.html",
     "11465031222281345647"],
    ["/home/michail/HopfieldNet/docbuild/.lake/build/doc/Mathlib/Tactic/SplitIfs.html",
     "10709005148294448444"],
    ["/home/michail/HopfieldNet/docbuild/.lake/build/doc/Mathlib/Tactic/Spread.html",
     "8927308640392859140"],
    ["/home/michail/HopfieldNet/docbuild/.lake/build/doc/Mathlib/Tactic/Subsingleton.html",
     "15879094720833274697"],
    ["/home/michail/HopfieldNet/docbuild/.lake/build/doc/Mathlib/Tactic/Substs.html",
     "4904653873203197063"],
    ["/home/michail/HopfieldNet/docbuild/.lake/build/doc/Mathlib/Tactic/SuccessIfFailWithMsg.html",
     "2121180784846921105"],
    ["/home/michail/HopfieldNet/docbuild/.lake/build/doc/Mathlib/Tactic/SudoSetOption.html",
     "5707094169979988182"],
    ["/home/michail/HopfieldNet/docbuild/.lake/build/doc/Mathlib/Tactic/SwapVar.html",
     "12501996410036893796"],
    ["/home/michail/HopfieldNet/docbuild/.lake/build/doc/Mathlib/Tactic/Tauto.html",
     "18060254511632002313"],
    ["/home/michail/HopfieldNet/docbuild/.lake/build/doc/Mathlib/Tactic/TermCongr.html",
     "6069498457254499032"],
    ["/home/michail/HopfieldNet/docbuild/.lake/build/doc/Mathlib/Tactic/ToExpr.html",
     "3566703578681251885"],
    ["/home/michail/HopfieldNet/docbuild/.lake/build/doc/Mathlib/Tactic/ToLevel.html",
     "6582767460848282259"],
    ["/home/michail/HopfieldNet/docbuild/.lake/build/doc/Mathlib/Tactic/Trace.html",
     "6010179132621594464"],
    ["/home/michail/HopfieldNet/docbuild/.lake/build/doc/Mathlib/Tactic/TypeCheck.html",
     "6169522150734812600"],
    ["/home/michail/HopfieldNet/docbuild/.lake/build/doc/Mathlib/Tactic/UnsetOption.html",
     "6605872593749045948"],
    ["/home/michail/HopfieldNet/docbuild/.lake/build/doc/Mathlib/Tactic/Use.html",
     "15128122622987181994"],
    ["/home/michail/HopfieldNet/docbuild/.lake/build/doc/Mathlib/Tactic/Variable.html",
     "4031649449375259463"],
    ["/home/michail/HopfieldNet/docbuild/.lake/build/doc/Mathlib/Tactic/Widget/Calc.html",
     "12563215277317638455"],
    ["/home/michail/HopfieldNet/docbuild/.lake/build/doc/Mathlib/Tactic/Widget/CongrM.html",
     "10862037600765156868"],
    ["/home/michail/HopfieldNet/docbuild/.lake/build/doc/Mathlib/Tactic/Widget/Conv.html",
     "15183587310457948336"],
    ["/home/michail/HopfieldNet/docbuild/.lake/build/doc/Mathlib/Tactic/WLOG.html",
     "13621432406865683974"],
    ["/home/michail/HopfieldNet/docbuild/.lake/build/doc/Mathlib/Util/AssertExists.html",
     "12664851165022858651"],
    ["/home/michail/HopfieldNet/docbuild/.lake/build/doc/Mathlib/Util/CountHeartbeats.html",
     "10231356755126844352"],
    ["/home/michail/HopfieldNet/docbuild/.lake/build/doc/Mathlib/Util/TransImports.html",
     "18283109781923733725"],
    ["/home/michail/HopfieldNet/docbuild/.lake/build/doc/Mathlib/Util/WhatsNew.html",
     "7915183358892108160"]]],
  ["/home/michail/HopfieldNet/docbuild/.lake/build/doc-data/references.json",
   "9311986744312936243"],
  ["/home/michail/HopfieldNet/.lake/packages/doc-gen4/.lake/build/bin/doc-gen4",
   "12913068545217439150"],
  ["Mathlib.Tactic.Common:leanArts", "14391113575087964042"]],
 "depHash": "7882053957193260841"}