{"log":
 [{"message":
   ".> ELAN=elan ELAN_HOME=/home/michail/.elan ELAN_TOOLCHAIN=leanprover/lean4:v4.20.0-rc5 LAKE=/home/michail/.elan/toolchains/leanprover--lean4---v4.20.0-rc5/bin/lake LAKE_HOME=/home/michail/.elan/toolchains/leanprover--lean4---v4.20.0-rc5 LAKE_PKG_URL_MAP={} LEAN=/home/michail/.elan/toolchains/leanprover--lean4---v4.20.0-rc5/bin/lean LEAN_GITHASH=81b85203c90439fb7d7e0cec32130d62d8cb7a2e LEAN_SYSROOT=/home/michail/.elan/toolchains/leanprover--lean4---v4.20.0-rc5 LEAN_AR=/home/michail/.elan/toolchains/leanprover--lean4---v4.20.0-rc5/bin/llvm-ar LEAN_CC= LEAN_PATH=/home/michail/HopfieldNet/.lake/packages/batteries/.lake/build/lib/lean:/home/michail/HopfieldNet/.lake/packages/Qq/.lake/build/lib/lean:/home/michail/HopfieldNet/.lake/packages/aesop/.lake/build/lib/lean:/home/michail/HopfieldNet/.lake/packages/proofwidgets/.lake/build/lib/lean:/home/michail/HopfieldNet/.lake/packages/importGraph/.lake/build/lib/lean:/home/michail/HopfieldNet/.lake/packages/LeanSearchClient/.lake/build/lib/lean:/home/michail/HopfieldNet/.lake/packages/plausible/.lake/build/lib/lean:/home/michail/HopfieldNet/.lake/packages/mathlib/.lake/build/lib/lean:/home/michail/HopfieldNet/.lake/packages/checkdecls/.lake/build/lib/lean:/home/michail/HopfieldNet/.lake/packages/MD4Lean/.lake/build/lib/lean:/home/michail/HopfieldNet/.lake/packages/BibtexQuery/.lake/build/lib/lean:/home/michail/HopfieldNet/.lake/packages/UnicodeBasic/.lake/build/lib/lean:/home/michail/HopfieldNet/.lake/packages/Cli/.lake/build/lib/lean:/home/michail/HopfieldNet/.lake/build/lib/lean:/home/michail/HopfieldNet/.lake/packages/doc-gen4/.lake/build/lib/lean:/home/michail/HopfieldNet/docbuild/.lake/build/lib/lean:/home/michail/.elan/toolchains/leanprover--lean4---v4.20.0-rc5/lib/lean LEAN_SRC_PATH=/home/michail/HopfieldNet/.lake/packages/batteries:/home/michail/HopfieldNet/.lake/packages/batteries:/home/michail/HopfieldNet/.lake/packages/Qq:/home/michail/HopfieldNet/.lake/packages/aesop:/home/michail/HopfieldNet/.lake/packages/aesop:/home/michail/HopfieldNet/.lake/packages/proofwidgets:/home/michail/HopfieldNet/.lake/packages/proofwidgets:/home/michail/HopfieldNet/.lake/packages/importGraph:/home/michail/HopfieldNet/.lake/packages/importGraph:/home/michail/HopfieldNet/.lake/packages/LeanSearchClient:/home/michail/HopfieldNet/.lake/packages/LeanSearchClient:/home/michail/HopfieldNet/.lake/packages/plausible:/home/michail/HopfieldNet/.lake/packages/plausible:/home/michail/HopfieldNet/.lake/packages/mathlib:/home/michail/HopfieldNet/.lake/packages/mathlib:/home/michail/HopfieldNet/.lake/packages/mathlib:/home/michail/HopfieldNet/.lake/packages/mathlib:/home/michail/HopfieldNet/.lake/packages/mathlib:/home/michail/HopfieldNet/.lake/packages/mathlib:/home/michail/HopfieldNet/.lake/packages/mathlib:/home/michail/HopfieldNet/.lake/packages/MD4Lean:/home/michail/HopfieldNet/.lake/packages/MD4Lean:/home/michail/HopfieldNet/.lake/packages/BibtexQuery:/home/michail/HopfieldNet/.lake/packages/UnicodeBasic:/home/michail/HopfieldNet/.lake/packages/UnicodeBasic:/home/michail/HopfieldNet/.lake/packages/Cli:/home/michail/HopfieldNet:/home/michail/HopfieldNet/.lake/packages/doc-gen4:/home/michail/.elan/toolchains/leanprover--lean4---v4.20.0-rc5/src/lean/lake PATH LD_LIBRARY_PATH=/home/michail/.elan/toolchains/leanprover--lean4---v4.20.0-rc5/lib/lean:/home/michail/.elan/toolchains/leanprover--lean4---v4.20.0-rc5/lib:/home/michail/HopfieldNet/docbuild/.lake/build/lib:/home/michail/HopfieldNet/.lake/packages/doc-gen4/.lake/build/lib:/home/michail/HopfieldNet/.lake/build/lib:/home/michail/HopfieldNet/.lake/packages/Cli/.lake/build/lib:/home/michail/HopfieldNet/.lake/packages/UnicodeBasic/.lake/build/lib:/home/michail/HopfieldNet/.lake/packages/BibtexQuery/.lake/build/lib:/home/michail/HopfieldNet/.lake/packages/MD4Lean/.lake/build/lib:/home/michail/HopfieldNet/.lake/packages/checkdecls/.lake/build/lib:/home/michail/HopfieldNet/.lake/packages/mathlib/.lake/build/lib:/home/michail/HopfieldNet/.lake/packages/plausible/.lake/build/lib:/home/michail/HopfieldNet/.lake/packages/LeanSearchClient/.lake/build/lib:/home/michail/HopfieldNet/.lake/packages/importGraph/.lake/build/lib:/home/michail/HopfieldNet/.lake/packages/proofwidgets/.lake/build/lib:/home/michail/HopfieldNet/.lake/packages/aesop/.lake/build/lib:/home/michail/HopfieldNet/.lake/packages/Qq/.lake/build/lib:/home/michail/HopfieldNet/.lake/packages/batteries/.lake/build/lib /home/michail/HopfieldNet/.lake/packages/doc-gen4/.lake/build/bin/doc-gen4 single --build /home/michail/HopfieldNet/docbuild/.lake/build Mathlib.Tactic https://github.com/leanprover-community/mathlib4/blob/e9db98beeec1b415e419a3a8f0d96ed55b0f29ab/Mathlib/Tactic.lean",
   "level": "trace"}],
 "inputs":
 [["<collection>",
   [["/home/michail/HopfieldNet/docbuild/.lake/build/doc/Mathlib/Tactic/Abel.html",
     "15526249054864440410"],
    ["/home/michail/HopfieldNet/docbuild/.lake/build/doc/Mathlib/Tactic/AdaptationNote.html",
     "15782411204983803525"],
    ["/home/michail/HopfieldNet/docbuild/.lake/build/doc/Mathlib/Tactic/Algebraize.html",
     "7633517373236584838"],
    ["/home/michail/HopfieldNet/docbuild/.lake/build/doc/Mathlib/Tactic/ApplyAt.html",
     "14136181761803733689"],
    ["/home/michail/HopfieldNet/docbuild/.lake/build/doc/Mathlib/Tactic/ApplyCongr.html",
     "11153044514852306565"],
    ["/home/michail/HopfieldNet/docbuild/.lake/build/doc/Mathlib/Tactic/ApplyFun.html",
     "18042534347581046210"],
    ["/home/michail/HopfieldNet/docbuild/.lake/build/doc/Mathlib/Tactic/ApplyWith.html",
     "12222227574708627189"],
    ["/home/michail/HopfieldNet/docbuild/.lake/build/doc/Mathlib/Tactic/ArithMult.html",
     "14775282718434499284"],
    ["/home/michail/HopfieldNet/docbuild/.lake/build/doc/Mathlib/Tactic/ArithMult/Init.html",
     "4852965776818028044"],
    ["/home/michail/HopfieldNet/docbuild/.lake/build/doc/Mathlib/Tactic/Attr/Core.html",
     "9624110858969425481"],
    ["/home/michail/HopfieldNet/docbuild/.lake/build/doc/Mathlib/Tactic/Attr/Register.html",
     "8577368856568736559"],
    ["/home/michail/HopfieldNet/docbuild/.lake/build/doc/Mathlib/Tactic/Basic.html",
     "12243484158376367005"],
    ["/home/michail/HopfieldNet/docbuild/.lake/build/doc/Mathlib/Tactic/Bound.html",
     "12796907032749936707"],
    ["/home/michail/HopfieldNet/docbuild/.lake/build/doc/Mathlib/Tactic/Bound/Attribute.html",
     "12961024596511860628"],
    ["/home/michail/HopfieldNet/docbuild/.lake/build/doc/Mathlib/Tactic/Bound/Init.html",
     "16870266003234370228"],
    ["/home/michail/HopfieldNet/docbuild/.lake/build/doc/Mathlib/Tactic/ByContra.html",
     "15909775187692713275"],
    ["/home/michail/HopfieldNet/docbuild/.lake/build/doc/Mathlib/Tactic/CC.html",
     "11260941185285764541"],
    ["/home/michail/HopfieldNet/docbuild/.lake/build/doc/Mathlib/Tactic/CC/Addition.html",
     "8451484500497770985"],
    ["/home/michail/HopfieldNet/docbuild/.lake/build/doc/Mathlib/Tactic/CC/Datatypes.html",
     "10577471070122841101"],
    ["/home/michail/HopfieldNet/docbuild/.lake/build/doc/Mathlib/Tactic/CC/Lemmas.html",
     "13426803594628131253"],
    ["/home/michail/HopfieldNet/docbuild/.lake/build/doc/Mathlib/Tactic/CC/MkProof.html",
     "541894612109068332"],
    ["/home/michail/HopfieldNet/docbuild/.lake/build/doc/Mathlib/Tactic/CancelDenoms.html",
     "3455199665144629583"],
    ["/home/michail/HopfieldNet/docbuild/.lake/build/doc/Mathlib/Tactic/CancelDenoms/Core.html",
     "2288692648496569457"],
    ["/home/michail/HopfieldNet/docbuild/.lake/build/doc/Mathlib/Tactic/Cases.html",
     "508486265619246744"],
    ["/home/michail/HopfieldNet/docbuild/.lake/build/doc/Mathlib/Tactic/CasesM.html",
     "11529181185905426665"],
    ["/home/michail/HopfieldNet/docbuild/.lake/build/doc/Mathlib/Tactic/CategoryTheory/BicategoricalComp.html",
     "1160601035213982835"],
    ["/home/michail/HopfieldNet/docbuild/.lake/build/doc/Mathlib/Tactic/CategoryTheory/Bicategory/Basic.html",
     "12708495608492919796"],
    ["/home/michail/HopfieldNet/docbuild/.lake/build/doc/Mathlib/Tactic/CategoryTheory/Bicategory/Datatypes.html",
     "15735170742816708483"],
    ["/home/michail/HopfieldNet/docbuild/.lake/build/doc/Mathlib/Tactic/CategoryTheory/Bicategory/Normalize.html",
     "865214424250570640"],
    ["/home/michail/HopfieldNet/docbuild/.lake/build/doc/Mathlib/Tactic/CategoryTheory/Bicategory/PureCoherence.html",
     "12371158128174483031"],
    ["/home/michail/HopfieldNet/docbuild/.lake/build/doc/Mathlib/Tactic/CategoryTheory/BicategoryCoherence.html",
     "7427986276581255821"],
    ["/home/michail/HopfieldNet/docbuild/.lake/build/doc/Mathlib/Tactic/CategoryTheory/CheckCompositions.html",
     "2169673570858320399"],
    ["/home/michail/HopfieldNet/docbuild/.lake/build/doc/Mathlib/Tactic/CategoryTheory/Coherence.html",
     "960613288052925141"],
    ["/home/michail/HopfieldNet/docbuild/.lake/build/doc/Mathlib/Tactic/CategoryTheory/Coherence/Basic.html",
     "16481443654022101288"],
    ["/home/michail/HopfieldNet/docbuild/.lake/build/doc/Mathlib/Tactic/CategoryTheory/Coherence/Datatypes.html",
     "2076143208589714387"],
    ["/home/michail/HopfieldNet/docbuild/.lake/build/doc/Mathlib/Tactic/CategoryTheory/Coherence/Normalize.html",
     "3898529213482134298"],
    ["/home/michail/HopfieldNet/docbuild/.lake/build/doc/Mathlib/Tactic/CategoryTheory/Coherence/PureCoherence.html",
     "5042911397033725079"],
    ["/home/michail/HopfieldNet/docbuild/.lake/build/doc/Mathlib/Tactic/CategoryTheory/Elementwise.html",
     "10758672532413467248"],
    ["/home/michail/HopfieldNet/docbuild/.lake/build/doc/Mathlib/Tactic/CategoryTheory/Monoidal/Basic.html",
     "5999338631664921395"],
    ["/home/michail/HopfieldNet/docbuild/.lake/build/doc/Mathlib/Tactic/CategoryTheory/Monoidal/Datatypes.html",
     "12315013964880836432"],
    ["/home/michail/HopfieldNet/docbuild/.lake/build/doc/Mathlib/Tactic/CategoryTheory/Monoidal/Normalize.html",
     "4379908163520689697"],
    ["/home/michail/HopfieldNet/docbuild/.lake/build/doc/Mathlib/Tactic/CategoryTheory/Monoidal/PureCoherence.html",
     "13484246182836338197"],
    ["/home/michail/HopfieldNet/docbuild/.lake/build/doc/Mathlib/Tactic/CategoryTheory/MonoidalComp.html",
     "17301405779356162057"],
    ["/home/michail/HopfieldNet/docbuild/.lake/build/doc/Mathlib/Tactic/CategoryTheory/Reassoc.html",
     "11946033919655645137"],
    ["/home/michail/HopfieldNet/docbuild/.lake/build/doc/Mathlib/Tactic/CategoryTheory/Slice.html",
     "12951723680112118823"],
    ["/home/michail/HopfieldNet/docbuild/.lake/build/doc/Mathlib/Tactic/CategoryTheory/ToApp.html",
     "14190234752099311348"],
    ["/home/michail/HopfieldNet/docbuild/.lake/build/doc/Mathlib/Tactic/Change.html",
     "1753649858614739641"],
    ["/home/michail/HopfieldNet/docbuild/.lake/build/doc/Mathlib/Tactic/Check.html",
     "5076557808845197387"],
    ["/home/michail/HopfieldNet/docbuild/.lake/build/doc/Mathlib/Tactic/Choose.html",
     "16559925647401532794"],
    ["/home/michail/HopfieldNet/docbuild/.lake/build/doc/Mathlib/Tactic/Clean.html",
     "17717887683819566195"],
    ["/home/michail/HopfieldNet/docbuild/.lake/build/doc/Mathlib/Tactic/ClearExcept.html",
     "6278650765080537306"],
    ["/home/michail/HopfieldNet/docbuild/.lake/build/doc/Mathlib/Tactic/ClearExclamation.html",
     "16680303352933966624"],
    ["/home/michail/HopfieldNet/docbuild/.lake/build/doc/Mathlib/Tactic/Clear_.html",
     "4487931927174718669"],
    ["/home/michail/HopfieldNet/docbuild/.lake/build/doc/Mathlib/Tactic/Coe.html",
     "8947771699689459544"],
    ["/home/michail/HopfieldNet/docbuild/.lake/build/doc/Mathlib/Tactic/Common.html",
     "1832574017623528943"],
    ["/home/michail/HopfieldNet/docbuild/.lake/build/doc/Mathlib/Tactic/ComputeDegree.html",
     "16448218574899677607"],
    ["/home/michail/HopfieldNet/docbuild/.lake/build/doc/Mathlib/Tactic/CongrExclamation.html",
     "1367296291109868108"],
    ["/home/michail/HopfieldNet/docbuild/.lake/build/doc/Mathlib/Tactic/CongrM.html",
     "16712457947785476936"],
    ["/home/michail/HopfieldNet/docbuild/.lake/build/doc/Mathlib/Tactic/Constructor.html",
     "6348170734497281291"],
    ["/home/michail/HopfieldNet/docbuild/.lake/build/doc/Mathlib/Tactic/Continuity.html",
     "13931177307332324333"],
    ["/home/michail/HopfieldNet/docbuild/.lake/build/doc/Mathlib/Tactic/Continuity/Init.html",
     "5006649884458618011"],
    ["/home/michail/HopfieldNet/docbuild/.lake/build/doc/Mathlib/Tactic/ContinuousFunctionalCalculus.html",
     "6589724282416912228"],
    ["/home/michail/HopfieldNet/docbuild/.lake/build/doc/Mathlib/Tactic/Contrapose.html",
     "2536763268703262197"],
    ["/home/michail/HopfieldNet/docbuild/.lake/build/doc/Mathlib/Tactic/Conv.html",
     "5116929179702526974"],
    ["/home/michail/HopfieldNet/docbuild/.lake/build/doc/Mathlib/Tactic/Convert.html",
     "6622663009812667055"],
    ["/home/michail/HopfieldNet/docbuild/.lake/build/doc/Mathlib/Tactic/Core.html",
     "16055480067989160618"],
    ["/home/michail/HopfieldNet/docbuild/.lake/build/doc/Mathlib/Tactic/DeclarationNames.html",
     "10663966849576089980"],
    ["/home/michail/HopfieldNet/docbuild/.lake/build/doc/Mathlib/Tactic/DefEqTransformations.html",
     "13861511677422025376"],
    ["/home/michail/HopfieldNet/docbuild/.lake/build/doc/Mathlib/Tactic/DeprecateTo.html",
     "2132634167437077805"],
    ["/home/michail/HopfieldNet/docbuild/.lake/build/doc/Mathlib/Tactic/DeriveCountable.html",
     "6816451014041784703"],
    ["/home/michail/HopfieldNet/docbuild/.lake/build/doc/Mathlib/Tactic/DeriveEncodable.html",
     "16871229544996795068"],
    ["/home/michail/HopfieldNet/docbuild/.lake/build/doc/Mathlib/Tactic/DeriveFintype.html",
     "9766235212399248840"],
    ["/home/michail/HopfieldNet/docbuild/.lake/build/doc/Mathlib/Tactic/DeriveTraversable.html",
     "5670783429208039732"],
    ["/home/michail/HopfieldNet/docbuild/.lake/build/doc/Mathlib/Tactic/ENatToNat.html",
     "488937718832144783"],
    ["/home/michail/HopfieldNet/docbuild/.lake/build/doc/Mathlib/Tactic/Eqns.html",
     "11554221203222774535"],
    ["/home/michail/HopfieldNet/docbuild/.lake/build/doc/Mathlib/Tactic/ErwQuestion.html",
     "2144527786494456504"],
    ["/home/michail/HopfieldNet/docbuild/.lake/build/doc/Mathlib/Tactic/Eval.html",
     "9034317616039963642"],
    ["/home/michail/HopfieldNet/docbuild/.lake/build/doc/Mathlib/Tactic/ExistsI.html",
     "427112262231209900"],
    ["/home/michail/HopfieldNet/docbuild/.lake/build/doc/Mathlib/Tactic/Explode.html",
     "18231779536145216132"],
    ["/home/michail/HopfieldNet/docbuild/.lake/build/doc/Mathlib/Tactic/Explode/Datatypes.html",
     "8018166761972360124"],
    ["/home/michail/HopfieldNet/docbuild/.lake/build/doc/Mathlib/Tactic/Explode/Pretty.html",
     "15818597203216097419"],
    ["/home/michail/HopfieldNet/docbuild/.lake/build/doc/Mathlib/Tactic/ExtendDoc.html",
     "12081800445516573613"],
    ["/home/michail/HopfieldNet/docbuild/.lake/build/doc/Mathlib/Tactic/ExtractGoal.html",
     "3411307064028655269"],
    ["/home/michail/HopfieldNet/docbuild/.lake/build/doc/Mathlib/Tactic/FBinop.html",
     "2236420067029093997"],
    ["/home/michail/HopfieldNet/docbuild/.lake/build/doc/Mathlib/Tactic/FailIfNoProgress.html",
     "5422895858669459788"],
    ["/home/michail/HopfieldNet/docbuild/.lake/build/doc/Mathlib/Tactic/FastInstance.html",
     "15364391811872419368"],
    ["/home/michail/HopfieldNet/docbuild/.lake/build/doc/Mathlib/Tactic/FieldSimp.html",
     "4964136291675454336"],
    ["/home/michail/HopfieldNet/docbuild/.lake/build/doc/Mathlib/Tactic/FinCases.html",
     "9936161177555622815"],
    ["/home/michail/HopfieldNet/docbuild/.lake/build/doc/Mathlib/Tactic/Find.html",
     "3868448840864176995"],
    ["/home/michail/HopfieldNet/docbuild/.lake/build/doc/Mathlib/Tactic/FindSyntax.html",
     "10551863508542606093"],
    ["/home/michail/HopfieldNet/docbuild/.lake/build/doc/Mathlib/Tactic/Finiteness.html",
     "17182982048058468183"],
    ["/home/michail/HopfieldNet/docbuild/.lake/build/doc/Mathlib/Tactic/Finiteness/Attr.html",
     "4139777488431438769"],
    ["/home/michail/HopfieldNet/docbuild/.lake/build/doc/Mathlib/Tactic/FunProp.html",
     "3363456665511344527"],
    ["/home/michail/HopfieldNet/docbuild/.lake/build/doc/Mathlib/Tactic/FunProp/Attr.html",
     "11376449614489833652"],
    ["/home/michail/HopfieldNet/docbuild/.lake/build/doc/Mathlib/Tactic/FunProp/ContDiff.html",
     "11365290612229435232"],
    ["/home/michail/HopfieldNet/docbuild/.lake/build/doc/Mathlib/Tactic/FunProp/Core.html",
     "14642600440470653467"],
    ["/home/michail/HopfieldNet/docbuild/.lake/build/doc/Mathlib/Tactic/FunProp/Decl.html",
     "67897289437939254"],
    ["/home/michail/HopfieldNet/docbuild/.lake/build/doc/Mathlib/Tactic/FunProp/Differentiable.html",
     "17292264341153425572"],
    ["/home/michail/HopfieldNet/docbuild/.lake/build/doc/Mathlib/Tactic/FunProp/Elab.html",
     "13429825682091696310"],
    ["/home/michail/HopfieldNet/docbuild/.lake/build/doc/Mathlib/Tactic/FunProp/FunctionData.html",
     "12429694667229316923"],
    ["/home/michail/HopfieldNet/docbuild/.lake/build/doc/Mathlib/Tactic/FunProp/Mor.html",
     "3373105428810780520"],
    ["/home/michail/HopfieldNet/docbuild/.lake/build/doc/Mathlib/Tactic/FunProp/StateList.html",
     "4010169892999619070"],
    ["/home/michail/HopfieldNet/docbuild/.lake/build/doc/Mathlib/Tactic/FunProp/Theorems.html",
     "17959043248897585451"],
    ["/home/michail/HopfieldNet/docbuild/.lake/build/doc/Mathlib/Tactic/FunProp/ToBatteries.html",
     "1732288749754415617"],
    ["/home/michail/HopfieldNet/docbuild/.lake/build/doc/Mathlib/Tactic/FunProp/Types.html",
     "17882567935761199829"],
    ["/home/michail/HopfieldNet/docbuild/.lake/build/doc/Mathlib/Tactic/GCongr.html",
     "8739072254770952303"],
    ["/home/michail/HopfieldNet/docbuild/.lake/build/doc/Mathlib/Tactic/GCongr/Core.html",
     "9578197401507961102"],
    ["/home/michail/HopfieldNet/docbuild/.lake/build/doc/Mathlib/Tactic/GCongr/CoreAttrs.html",
     "419975130061273357"],
    ["/home/michail/HopfieldNet/docbuild/.lake/build/doc/Mathlib/Tactic/GCongr/ForwardAttr.html",
     "9862821722625528324"],
    ["/home/michail/HopfieldNet/docbuild/.lake/build/doc/Mathlib/Tactic/Generalize.html",
     "1135378606438805081"],
    ["/home/michail/HopfieldNet/docbuild/.lake/build/doc/Mathlib/Tactic/GeneralizeProofs.html",
     "12425109218948978979"],
    ["/home/michail/HopfieldNet/docbuild/.lake/build/doc/Mathlib/Tactic/Group.html",
     "9931492958544990389"],
    ["/home/michail/HopfieldNet/docbuild/.lake/build/doc/Mathlib/Tactic/GuardGoalNums.html",
     "11359705274271448163"],
    ["/home/michail/HopfieldNet/docbuild/.lake/build/doc/Mathlib/Tactic/GuardHypNums.html",
     "16533394049058135128"],
    ["/home/michail/HopfieldNet/docbuild/.lake/build/doc/Mathlib/Tactic/Have.html",
     "12262311615803671915"],
    ["/home/michail/HopfieldNet/docbuild/.lake/build/doc/Mathlib/Tactic/HaveI.html",
     "2106640213900716993"],
    ["/home/michail/HopfieldNet/docbuild/.lake/build/doc/Mathlib/Tactic/HigherOrder.html",
     "3602670958419707977"],
    ["/home/michail/HopfieldNet/docbuild/.lake/build/doc/Mathlib/Tactic/Hint.html",
     "13968551680536518092"],
    ["/home/michail/HopfieldNet/docbuild/.lake/build/doc/Mathlib/Tactic/ITauto.html",
     "11262567477497784849"],
    ["/home/michail/HopfieldNet/docbuild/.lake/build/doc/Mathlib/Tactic/InferParam.html",
     "7605749866282284997"],
    ["/home/michail/HopfieldNet/docbuild/.lake/build/doc/Mathlib/Tactic/Inhabit.html",
     "15223373908190459584"],
    ["/home/michail/HopfieldNet/docbuild/.lake/build/doc/Mathlib/Tactic/IntervalCases.html",
     "17951936656678598381"],
    ["/home/michail/HopfieldNet/docbuild/.lake/build/doc/Mathlib/Tactic/IrreducibleDef.html",
     "13309337144648388511"],
    ["/home/michail/HopfieldNet/docbuild/.lake/build/doc/Mathlib/Tactic/Lemma.html",
     "7100749988991721451"],
    ["/home/michail/HopfieldNet/docbuild/.lake/build/doc/Mathlib/Tactic/Lift.html",
     "28356376742892747"],
    ["/home/michail/HopfieldNet/docbuild/.lake/build/doc/Mathlib/Tactic/Linarith.html",
     "16633392998246108671"],
    ["/home/michail/HopfieldNet/docbuild/.lake/build/doc/Mathlib/Tactic/Linarith/Datatypes.html",
     "14052846263248485623"],
    ["/home/michail/HopfieldNet/docbuild/.lake/build/doc/Mathlib/Tactic/Linarith/Frontend.html",
     "11283689418162428255"],
    ["/home/michail/HopfieldNet/docbuild/.lake/build/doc/Mathlib/Tactic/Linarith/Lemmas.html",
     "16404656091609859178"],
    ["/home/michail/HopfieldNet/docbuild/.lake/build/doc/Mathlib/Tactic/Linarith/Oracle/FourierMotzkin.html",
     "13678000954318857202"],
    ["/home/michail/HopfieldNet/docbuild/.lake/build/doc/Mathlib/Tactic/Linarith/Oracle/SimplexAlgorithm.html",
     "10244588105026689174"],
    ["/home/michail/HopfieldNet/docbuild/.lake/build/doc/Mathlib/Tactic/Linarith/Oracle/SimplexAlgorithm/Datatypes.html",
     "15733370513839901854"],
    ["/home/michail/HopfieldNet/docbuild/.lake/build/doc/Mathlib/Tactic/Linarith/Oracle/SimplexAlgorithm/Gauss.html",
     "2877590858084984407"],
    ["/home/michail/HopfieldNet/docbuild/.lake/build/doc/Mathlib/Tactic/Linarith/Oracle/SimplexAlgorithm/PositiveVector.html",
     "904814153758170046"],
    ["/home/michail/HopfieldNet/docbuild/.lake/build/doc/Mathlib/Tactic/Linarith/Oracle/SimplexAlgorithm/SimplexAlgorithm.html",
     "17502387833452654787"],
    ["/home/michail/HopfieldNet/docbuild/.lake/build/doc/Mathlib/Tactic/Linarith/Parsing.html",
     "4425504882326157215"],
    ["/home/michail/HopfieldNet/docbuild/.lake/build/doc/Mathlib/Tactic/Linarith/Preprocessing.html",
     "12635501132468464660"],
    ["/home/michail/HopfieldNet/docbuild/.lake/build/doc/Mathlib/Tactic/Linarith/Verification.html",
     "7822009819851324538"],
    ["/home/michail/HopfieldNet/docbuild/.lake/build/doc/Mathlib/Tactic/LinearCombination.html",
     "6707414286670358137"],
    ["/home/michail/HopfieldNet/docbuild/.lake/build/doc/Mathlib/Tactic/LinearCombination'.html",
     "9552338832323785956"],
    ["/home/michail/HopfieldNet/docbuild/.lake/build/doc/Mathlib/Tactic/LinearCombination/Lemmas.html",
     "6460480523748634505"],
    ["/home/michail/HopfieldNet/docbuild/.lake/build/doc/Mathlib/Tactic/Linter.html",
     "9595584076911647610"],
    ["/home/michail/HopfieldNet/docbuild/.lake/build/doc/Mathlib/Tactic/Linter/DeprecatedModule.html",
     "1508154167111454302"],
    ["/home/michail/HopfieldNet/docbuild/.lake/build/doc/Mathlib/Tactic/Linter/DeprecatedSyntaxLinter.html",
     "11780251796115645388"],
    ["/home/michail/HopfieldNet/docbuild/.lake/build/doc/Mathlib/Tactic/Linter/DirectoryDependency.html",
     "10102299874016485677"],
    ["/home/michail/HopfieldNet/docbuild/.lake/build/doc/Mathlib/Tactic/Linter/DocPrime.html",
     "5090945523576007170"],
    ["/home/michail/HopfieldNet/docbuild/.lake/build/doc/Mathlib/Tactic/Linter/DocString.html",
     "16914324744143062733"],
    ["/home/michail/HopfieldNet/docbuild/.lake/build/doc/Mathlib/Tactic/Linter/FlexibleLinter.html",
     "11374159112439807160"],
    ["/home/michail/HopfieldNet/docbuild/.lake/build/doc/Mathlib/Tactic/Linter/GlobalAttributeIn.html",
     "3496082095786240980"],
    ["/home/michail/HopfieldNet/docbuild/.lake/build/doc/Mathlib/Tactic/Linter/HashCommandLinter.html",
     "6962393061851349384"],
    ["/home/michail/HopfieldNet/docbuild/.lake/build/doc/Mathlib/Tactic/Linter/HaveLetLinter.html",
     "18144309145384330288"],
    ["/home/michail/HopfieldNet/docbuild/.lake/build/doc/Mathlib/Tactic/Linter/Header.html",
     "2081780530671580261"],
    ["/home/michail/HopfieldNet/docbuild/.lake/build/doc/Mathlib/Tactic/Linter/Lint.html",
     "8082223263426161881"],
    ["/home/michail/HopfieldNet/docbuild/.lake/build/doc/Mathlib/Tactic/Linter/MinImports.html",
     "14836303473680001645"],
    ["/home/michail/HopfieldNet/docbuild/.lake/build/doc/Mathlib/Tactic/Linter/Multigoal.html",
     "15235795987925506087"],
    ["/home/michail/HopfieldNet/docbuild/.lake/build/doc/Mathlib/Tactic/Linter/OldObtain.html",
     "1327812413317405078"],
    ["/home/michail/HopfieldNet/docbuild/.lake/build/doc/Mathlib/Tactic/Linter/PPRoundtrip.html",
     "8907470813010176548"],
    ["/home/michail/HopfieldNet/docbuild/.lake/build/doc/Mathlib/Tactic/Linter/Style.html",
     "8929851899765732390"],
    ["/home/michail/HopfieldNet/docbuild/.lake/build/doc/Mathlib/Tactic/Linter/TextBased.html",
     "121149945172698806"],
    ["/home/michail/HopfieldNet/docbuild/.lake/build/doc/Mathlib/Tactic/Linter/UnusedTactic.html",
     "16840724644101448051"],
    ["/home/michail/HopfieldNet/docbuild/.lake/build/doc/Mathlib/Tactic/Linter/UnusedTacticExtension.html",
     "4995060346680564530"],
    ["/home/michail/HopfieldNet/docbuild/.lake/build/doc/Mathlib/Tactic/Linter/UpstreamableDecl.html",
     "4721887120502064122"],
    ["/home/michail/HopfieldNet/docbuild/.lake/build/doc/Mathlib/Tactic/Measurability.html",
     "6436472568725878800"],
    ["/home/michail/HopfieldNet/docbuild/.lake/build/doc/Mathlib/Tactic/Measurability/Init.html",
     "1109928332057613700"],
    ["/home/michail/HopfieldNet/docbuild/.lake/build/doc/Mathlib/Tactic/MinImports.html",
     "18367446530995983257"],
    ["/home/michail/HopfieldNet/docbuild/.lake/build/doc/Mathlib/Tactic/MkIffOfInductiveProp.html",
     "1816424162460771022"],
    ["/home/michail/HopfieldNet/docbuild/.lake/build/doc/Mathlib/Tactic/ModCases.html",
     "377936107432124112"],
    ["/home/michail/HopfieldNet/docbuild/.lake/build/doc/Mathlib/Tactic/Module.html",
     "11524311082116647684"],
    ["/home/michail/HopfieldNet/docbuild/.lake/build/doc/Mathlib/Tactic/Monotonicity.html",
     "17225978785407775900"],
    ["/home/michail/HopfieldNet/docbuild/.lake/build/doc/Mathlib/Tactic/Monotonicity/Attr.html",
     "16619062407984616644"],
    ["/home/michail/HopfieldNet/docbuild/.lake/build/doc/Mathlib/Tactic/Monotonicity/Basic.html",
     "14652231071581060513"],
    ["/home/michail/HopfieldNet/docbuild/.lake/build/doc/Mathlib/Tactic/Monotonicity/Lemmas.html",
     "4992068508064351906"],
    ["/home/michail/HopfieldNet/docbuild/.lake/build/doc/Mathlib/Tactic/MoveAdd.html",
     "5339091275087367748"],
    ["/home/michail/HopfieldNet/docbuild/.lake/build/doc/Mathlib/Tactic/NoncommRing.html",
     "14351961655435612221"],
    ["/home/michail/HopfieldNet/docbuild/.lake/build/doc/Mathlib/Tactic/Nontriviality.html",
     "978210409215435002"],
    ["/home/michail/HopfieldNet/docbuild/.lake/build/doc/Mathlib/Tactic/Nontriviality/Core.html",
     "5795828513246305072"],
    ["/home/michail/HopfieldNet/docbuild/.lake/build/doc/Mathlib/Tactic/NormNum.html",
     "16223696181418995639"],
    ["/home/michail/HopfieldNet/docbuild/.lake/build/doc/Mathlib/Tactic/NormNum/Basic.html",
     "14732432334960489287"],
    ["/home/michail/HopfieldNet/docbuild/.lake/build/doc/Mathlib/Tactic/NormNum/BigOperators.html",
     "15898279708077785320"],
    ["/home/michail/HopfieldNet/docbuild/.lake/build/doc/Mathlib/Tactic/NormNum/Core.html",
     "9964641023526406141"],
    ["/home/michail/HopfieldNet/docbuild/.lake/build/doc/Mathlib/Tactic/NormNum/DivMod.html",
     "1128755664197136786"],
    ["/home/michail/HopfieldNet/docbuild/.lake/build/doc/Mathlib/Tactic/NormNum/Eq.html",
     "5198674951029160345"],
    ["/home/michail/HopfieldNet/docbuild/.lake/build/doc/Mathlib/Tactic/NormNum/GCD.html",
     "12358854213124347672"],
    ["/home/michail/HopfieldNet/docbuild/.lake/build/doc/Mathlib/Tactic/NormNum/Ineq.html",
     "5430798997330831857"],
    ["/home/michail/HopfieldNet/docbuild/.lake/build/doc/Mathlib/Tactic/NormNum/Inv.html",
     "11783655966578063173"],
    ["/home/michail/HopfieldNet/docbuild/.lake/build/doc/Mathlib/Tactic/NormNum/IsCoprime.html",
     "9038904944375761577"],
    ["/home/michail/HopfieldNet/docbuild/.lake/build/doc/Mathlib/Tactic/NormNum/LegendreSymbol.html",
     "11488478575074899896"],
    ["/home/michail/HopfieldNet/docbuild/.lake/build/doc/Mathlib/Tactic/NormNum/NatFactorial.html",
     "4665914655013165572"],
    ["/home/michail/HopfieldNet/docbuild/.lake/build/doc/Mathlib/Tactic/NormNum/NatFib.html",
     "2331999995089579383"],
    ["/home/michail/HopfieldNet/docbuild/.lake/build/doc/Mathlib/Tactic/NormNum/NatLog.html",
     "3627032636564562953"],
    ["/home/michail/HopfieldNet/docbuild/.lake/build/doc/Mathlib/Tactic/NormNum/NatSqrt.html",
     "485253086993457786"],
    ["/home/michail/HopfieldNet/docbuild/.lake/build/doc/Mathlib/Tactic/NormNum/OfScientific.html",
     "14231210403524990366"],
    ["/home/michail/HopfieldNet/docbuild/.lake/build/doc/Mathlib/Tactic/NormNum/Pow.html",
     "15151112597132357506"],
    ["/home/michail/HopfieldNet/docbuild/.lake/build/doc/Mathlib/Tactic/NormNum/PowMod.html",
     "9607699305277362575"],
    ["/home/michail/HopfieldNet/docbuild/.lake/build/doc/Mathlib/Tactic/NormNum/Prime.html",
     "6841525557733898596"],
    ["/home/michail/HopfieldNet/docbuild/.lake/build/doc/Mathlib/Tactic/NormNum/RealSqrt.html",
     "13316486397337879079"],
    ["/home/michail/HopfieldNet/docbuild/.lake/build/doc/Mathlib/Tactic/NormNum/Result.html",
     "6970942401041231609"],
    ["/home/michail/HopfieldNet/docbuild/.lake/build/doc/Mathlib/Tactic/NthRewrite.html",
     "13434295657934395884"],
    ["/home/michail/HopfieldNet/docbuild/.lake/build/doc/Mathlib/Tactic/Observe.html",
     "3972346696682803893"],
    ["/home/michail/HopfieldNet/docbuild/.lake/build/doc/Mathlib/Tactic/OfNat.html",
     "2019950699545172314"],
    ["/home/michail/HopfieldNet/docbuild/.lake/build/doc/Mathlib/Tactic/Order.html",
     "13049203916940122456"],
    ["/home/michail/HopfieldNet/docbuild/.lake/build/doc/Mathlib/Tactic/Order/CollectFacts.html",
     "15562686011124562590"],
    ["/home/michail/HopfieldNet/docbuild/.lake/build/doc/Mathlib/Tactic/Order/Graph/Basic.html",
     "4382496001988409660"],
    ["/home/michail/HopfieldNet/docbuild/.lake/build/doc/Mathlib/Tactic/Order/Graph/Tarjan.html",
     "14079685410695746723"],
    ["/home/michail/HopfieldNet/docbuild/.lake/build/doc/Mathlib/Tactic/Order/Preprocessing.html",
     "6440228408879454192"],
    ["/home/michail/HopfieldNet/docbuild/.lake/build/doc/Mathlib/Tactic/PNatToNat.html",
     "18424768722649111280"],
    ["/home/michail/HopfieldNet/docbuild/.lake/build/doc/Mathlib/Tactic/PPWithUniv.html",
     "6469391044732216459"],
    ["/home/michail/HopfieldNet/docbuild/.lake/build/doc/Mathlib/Tactic/Peel.html",
     "7315709680699283131"],
    ["/home/michail/HopfieldNet/docbuild/.lake/build/doc/Mathlib/Tactic/Polyrith.html",
     "10084636671564738723"],
    ["/home/michail/HopfieldNet/docbuild/.lake/build/doc/Mathlib/Tactic/Positivity.html",
     "10096834455736295542"],
    ["/home/michail/HopfieldNet/docbuild/.lake/build/doc/Mathlib/Tactic/Positivity/Basic.html",
     "17587465360955681059"],
    ["/home/michail/HopfieldNet/docbuild/.lake/build/doc/Mathlib/Tactic/Positivity/Core.html",
     "9509233469235840906"],
    ["/home/michail/HopfieldNet/docbuild/.lake/build/doc/Mathlib/Tactic/Positivity/Finset.html",
     "16759415998862481171"],
    ["/home/michail/HopfieldNet/docbuild/.lake/build/doc/Mathlib/Tactic/ProdAssoc.html",
     "15146988645445700085"],
    ["/home/michail/HopfieldNet/docbuild/.lake/build/doc/Mathlib/Tactic/Propose.html",
     "11394879052132617992"],
    ["/home/michail/HopfieldNet/docbuild/.lake/build/doc/Mathlib/Tactic/ProxyType.html",
     "8380166023197559594"],
    ["/home/michail/HopfieldNet/docbuild/.lake/build/doc/Mathlib/Tactic/Push.html",
     "9607988688992190015"],
    ["/home/michail/HopfieldNet/docbuild/.lake/build/doc/Mathlib/Tactic/Qify.html",
     "1631482986935678730"],
    ["/home/michail/HopfieldNet/docbuild/.lake/build/doc/Mathlib/Tactic/RSuffices.html",
     "8463821857530952977"],
    ["/home/michail/HopfieldNet/docbuild/.lake/build/doc/Mathlib/Tactic/Recall.html",
     "16676853506953387639"],
    ["/home/michail/HopfieldNet/docbuild/.lake/build/doc/Mathlib/Tactic/Recover.html",
     "8804992583172751009"],
    ["/home/michail/HopfieldNet/docbuild/.lake/build/doc/Mathlib/Tactic/ReduceModChar.html",
     "7857520895854717863"],
    ["/home/michail/HopfieldNet/docbuild/.lake/build/doc/Mathlib/Tactic/ReduceModChar/Ext.html",
     "3395701558631524155"],
    ["/home/michail/HopfieldNet/docbuild/.lake/build/doc/Mathlib/Tactic/Relation/Rfl.html",
     "11788123246314191515"],
    ["/home/michail/HopfieldNet/docbuild/.lake/build/doc/Mathlib/Tactic/Relation/Symm.html",
     "2375121135105646631"],
    ["/home/michail/HopfieldNet/docbuild/.lake/build/doc/Mathlib/Tactic/Rename.html",
     "17319489277190496457"],
    ["/home/michail/HopfieldNet/docbuild/.lake/build/doc/Mathlib/Tactic/RenameBVar.html",
     "7898719812326845757"],
    ["/home/michail/HopfieldNet/docbuild/.lake/build/doc/Mathlib/Tactic/Replace.html",
     "12610985510726874567"],
    ["/home/michail/HopfieldNet/docbuild/.lake/build/doc/Mathlib/Tactic/RewriteSearch.html",
     "10544160275724379821"],
    ["/home/michail/HopfieldNet/docbuild/.lake/build/doc/Mathlib/Tactic/Rify.html",
     "13033153592074652421"],
    ["/home/michail/HopfieldNet/docbuild/.lake/build/doc/Mathlib/Tactic/Ring.html",
     "12096181817417695852"],
    ["/home/michail/HopfieldNet/docbuild/.lake/build/doc/Mathlib/Tactic/Ring/Basic.html",
     "10408755762105027275"],
    ["/home/michail/HopfieldNet/docbuild/.lake/build/doc/Mathlib/Tactic/Ring/Compare.html",
     "8324431401429403972"],
    ["/home/michail/HopfieldNet/docbuild/.lake/build/doc/Mathlib/Tactic/Ring/PNat.html",
     "17532757882770929673"],
    ["/home/michail/HopfieldNet/docbuild/.lake/build/doc/Mathlib/Tactic/Ring/RingNF.html",
     "14455087585374517862"],
    ["/home/michail/HopfieldNet/docbuild/.lake/build/doc/Mathlib/Tactic/Sat/FromLRAT.html",
     "18391858425939005571"],
    ["/home/michail/HopfieldNet/docbuild/.lake/build/doc/Mathlib/Tactic/Says.html",
     "5494274441909361641"],
    ["/home/michail/HopfieldNet/docbuild/.lake/build/doc/Mathlib/Tactic/ScopedNS.html",
     "1661441674918574358"],
    ["/home/michail/HopfieldNet/docbuild/.lake/build/doc/Mathlib/Tactic/Set.html",
     "9791090980152685289"],
    ["/home/michail/HopfieldNet/docbuild/.lake/build/doc/Mathlib/Tactic/SetLike.html",
     "479473011558624195"],
    ["/home/michail/HopfieldNet/docbuild/.lake/build/doc/Mathlib/Tactic/SimpIntro.html",
     "6042310989105616381"],
    ["/home/michail/HopfieldNet/docbuild/.lake/build/doc/Mathlib/Tactic/SimpRw.html",
     "5075997384178788481"],
    ["/home/michail/HopfieldNet/docbuild/.lake/build/doc/Mathlib/Tactic/Simproc/ExistsAndEq.html",
     "11094146796449874447"],
    ["/home/michail/HopfieldNet/docbuild/.lake/build/doc/Mathlib/Tactic/Simps/Basic.html",
     "11465031222281345647"],
    ["/home/michail/HopfieldNet/docbuild/.lake/build/doc/Mathlib/Tactic/Simps/NotationClass.html",
     "13082613110092329670"],
    ["/home/michail/HopfieldNet/docbuild/.lake/build/doc/Mathlib/Tactic/SplitIfs.html",
     "10709005148294448444"],
    ["/home/michail/HopfieldNet/docbuild/.lake/build/doc/Mathlib/Tactic/Spread.html",
     "8927308640392859140"],
    ["/home/michail/HopfieldNet/docbuild/.lake/build/doc/Mathlib/Tactic/StacksAttribute.html",
     "6920837095272794454"],
    ["/home/michail/HopfieldNet/docbuild/.lake/build/doc/Mathlib/Tactic/Subsingleton.html",
     "15879094720833274697"],
    ["/home/michail/HopfieldNet/docbuild/.lake/build/doc/Mathlib/Tactic/Substs.html",
     "4904653873203197063"],
    ["/home/michail/HopfieldNet/docbuild/.lake/build/doc/Mathlib/Tactic/SuccessIfFailWithMsg.html",
     "2121180784846921105"],
    ["/home/michail/HopfieldNet/docbuild/.lake/build/doc/Mathlib/Tactic/SudoSetOption.html",
     "5707094169979988182"],
    ["/home/michail/HopfieldNet/docbuild/.lake/build/doc/Mathlib/Tactic/SuppressCompilation.html",
     "815172917737309791"],
    ["/home/michail/HopfieldNet/docbuild/.lake/build/doc/Mathlib/Tactic/SwapVar.html",
     "12501996410036893796"],
    ["/home/michail/HopfieldNet/docbuild/.lake/build/doc/Mathlib/Tactic/TFAE.html",
     "1773930774214145172"],
    ["/home/michail/HopfieldNet/docbuild/.lake/build/doc/Mathlib/Tactic/Tauto.html",
     "18060254511632002313"],
    ["/home/michail/HopfieldNet/docbuild/.lake/build/doc/Mathlib/Tactic/TautoSet.html",
     "933643317499738456"],
    ["/home/michail/HopfieldNet/docbuild/.lake/build/doc/Mathlib/Tactic/TermCongr.html",
     "6069498457254499032"],
    ["/home/michail/HopfieldNet/docbuild/.lake/build/doc/Mathlib/Tactic/ToAdditive.html",
     "15411467382372378898"],
    ["/home/michail/HopfieldNet/docbuild/.lake/build/doc/Mathlib/Tactic/ToAdditive/Frontend.html",
     "6278952351174847958"],
    ["/home/michail/HopfieldNet/docbuild/.lake/build/doc/Mathlib/Tactic/ToExpr.html",
     "3566703578681251885"],
    ["/home/michail/HopfieldNet/docbuild/.lake/build/doc/Mathlib/Tactic/ToLevel.html",
     "6582767460848282259"],
    ["/home/michail/HopfieldNet/docbuild/.lake/build/doc/Mathlib/Tactic/Trace.html",
     "6010179132621594464"],
    ["/home/michail/HopfieldNet/docbuild/.lake/build/doc/Mathlib/Tactic/TryThis.html",
     "2290236864788979085"],
    ["/home/michail/HopfieldNet/docbuild/.lake/build/doc/Mathlib/Tactic/TypeCheck.html",
     "6169522150734812600"],
    ["/home/michail/HopfieldNet/docbuild/.lake/build/doc/Mathlib/Tactic/TypeStar.html",
     "17986393754910743811"],
    ["/home/michail/HopfieldNet/docbuild/.lake/build/doc/Mathlib/Tactic/UnsetOption.html",
     "6605872593749045948"],
    ["/home/michail/HopfieldNet/docbuild/.lake/build/doc/Mathlib/Tactic/Use.html",
     "15128122622987181994"],
    ["/home/michail/HopfieldNet/docbuild/.lake/build/doc/Mathlib/Tactic/Variable.html",
     "4031649449375259463"],
    ["/home/michail/HopfieldNet/docbuild/.lake/build/doc/Mathlib/Tactic/WLOG.html",
     "13621432406865683974"],
    ["/home/michail/HopfieldNet/docbuild/.lake/build/doc/Mathlib/Tactic/Widget/Calc.html",
     "12563215277317638455"],
    ["/home/michail/HopfieldNet/docbuild/.lake/build/doc/Mathlib/Tactic/Widget/CommDiag.html",
     "15904915432120252991"],
    ["/home/michail/HopfieldNet/docbuild/.lake/build/doc/Mathlib/Tactic/Widget/CongrM.html",
     "10862037600765156868"],
    ["/home/michail/HopfieldNet/docbuild/.lake/build/doc/Mathlib/Tactic/Widget/Conv.html",
     "15183587310457948336"],
    ["/home/michail/HopfieldNet/docbuild/.lake/build/doc/Mathlib/Tactic/Widget/GCongr.html",
     "7734780381466034939"],
    ["/home/michail/HopfieldNet/docbuild/.lake/build/doc/Mathlib/Tactic/Widget/InteractiveUnfold.html",
     "16700738878770201847"],
    ["/home/michail/HopfieldNet/docbuild/.lake/build/doc/Mathlib/Tactic/Widget/SelectInsertParamsClass.html",
     "12031877439556996928"],
    ["/home/michail/HopfieldNet/docbuild/.lake/build/doc/Mathlib/Tactic/Widget/SelectPanelUtils.html",
     "16140652434265006109"],
    ["/home/michail/HopfieldNet/docbuild/.lake/build/doc/Mathlib/Tactic/Widget/StringDiagram.html",
     "9712922158833906182"],
    ["/home/michail/HopfieldNet/docbuild/.lake/build/doc/Mathlib/Tactic/WithoutCDot.html",
     "17725202714432028972"],
    ["/home/michail/HopfieldNet/docbuild/.lake/build/doc/Mathlib/Tactic/Zify.html",
     "5217170197618082788"]]],
  ["/home/michail/HopfieldNet/docbuild/.lake/build/doc-data/references.json",
   "9311986744312936243"],
  ["/home/michail/HopfieldNet/.lake/packages/doc-gen4/.lake/build/bin/doc-gen4",
   "12913068545217439150"],
  ["Mathlib.Tactic:leanArts", "4648709152145467472"]],
 "depHash": "5789387971780304423"}